This file contains any messages produced by compilers while
running configure, to aid debugging if configure makes a mistake.

It was created by configure, which was
generated by GNU Autoconf 2.59.  Invocation command line was

  $ ./configure --without-python --without-iconv --without-bytecode-interpreter --without-freetype-src --without-x --without-devicetables --without-pic --with-regular-link --enable-static

## --------- ##
## Platform. ##
## --------- ##

hostname = glenlivet.elvenkind.com
uname -m = i686
uname -r = 2.6.20.3-tmb-desktop-2mdvsmp
uname -s = Linux
uname -v = #1 SMP Sun Mar 18 17:31:18 EDT 2007

/usr/bin/uname -p = unknown
/bin/uname -X     = unknown

/bin/arch              = i686
/usr/bin/arch -k       = unknown
/usr/convex/getsysinfo = unknown
hostinfo               = unknown
/bin/machine           = unknown
/usr/bin/oslevel       = unknown
/bin/universe          = unknown

PATH: /opt/tex/texmf-linux/bin
PATH: /usr/local/bin
PATH: /bin
PATH: /usr/bin
PATH: /usr/games
PATH: /usr/lib/jre-1_5_0_11/bin
PATH: /usr/lib/qt3//bin
PATH: /home/taco/bin
PATH: /usr/lib/qt3//bin


## ----------- ##
## Core tests. ##
## ----------- ##

configure:1555: checking for gcc
configure:1571: found /usr/bin/gcc
configure:1581: result: gcc
configure:1825: checking for C compiler version
configure:1828: gcc --version </dev/null >&5
gcc (GCC) 4.1.2 20070302 (prerelease) (4.1.2-1mdv2007.1)
Copyright (C) 2006 Free Software Foundation, Inc.
This is free software; see the source for copying conditions.  There is NO
warranty; not even for MERCHANTABILITY or FITNESS FOR A PARTICULAR PURPOSE.

configure:1831: $? = 0
configure:1833: gcc -v </dev/null >&5
Using built-in specs.
Target: i586-mandriva-linux-gnu
Configured with: ../configure --prefix=/usr --libexecdir=/usr/lib --with-slibdir=/lib --mandir=/usr/share/man --infodir=/usr/share/info --enable-checking=release --enable-languages=c,c++,ada,fortran,objc,obj-c++,java --host=i586-mandriva-linux-gnu --with-cpu=generic --with-system-zlib --enable-threads=posix --enable-shared --enable-long-long --enable-__cxa_atexit --disable-libunwind-exceptions --enable-clocale=gnu --enable-java-awt=gtk --with-java-home=/usr/lib/jvm/java-1.4.2-gcj-1.4.2.0/jre --enable-gtk-cairo --disable-libjava-multilib --enable-ssp --disable-libssp
Thread model: posix
gcc version 4.1.2 20070302 (prerelease) (4.1.2-1mdv2007.1)
configure:1836: $? = 0
configure:1838: gcc -V </dev/null >&5
gcc: '-V' option must have argument
configure:1841: $? = 1
configure:1864: checking for C compiler default output file name
configure:1867: gcc -g -O2 -D_NO_LIBJPEG=1 -D_NO_FREETYPE=1 -D_NO_LIBXML=1 -D_NO_LIBPNG=1 -D_NO_LIBUNINAMESLIST=1 -DFONTFORGE_CONFIG_NO_WINDOWING_UI=1 -DLUA_FF_LIB=1 -UHAVE_LIBINTL_H    conftest.c  >&5
configure:1870: $? = 0
configure:1916: result: a.out
configure:1921: checking whether the C compiler works
configure:1927: ./a.out
configure:1930: $? = 0
configure:1947: result: yes
configure:1954: checking whether we are cross compiling
configure:1956: result: no
configure:1959: checking for suffix of executables
configure:1961: gcc -o conftest -g -O2 -D_NO_LIBJPEG=1 -D_NO_FREETYPE=1 -D_NO_LIBXML=1 -D_NO_LIBPNG=1 -D_NO_LIBUNINAMESLIST=1 -DFONTFORGE_CONFIG_NO_WINDOWING_UI=1 -DLUA_FF_LIB=1 -UHAVE_LIBINTL_H    conftest.c  >&5
configure:1964: $? = 0
configure:1989: result: 
configure:1995: checking for suffix of object files
configure:2016: gcc -c -g -O2 -D_NO_LIBJPEG=1 -D_NO_FREETYPE=1 -D_NO_LIBXML=1 -D_NO_LIBPNG=1 -D_NO_LIBUNINAMESLIST=1 -DFONTFORGE_CONFIG_NO_WINDOWING_UI=1 -DLUA_FF_LIB=1 -UHAVE_LIBINTL_H   conftest.c >&5
configure:2019: $? = 0
configure:2041: result: o
configure:2045: checking whether we are using the GNU C compiler
configure:2069: gcc -c -g -O2 -D_NO_LIBJPEG=1 -D_NO_FREETYPE=1 -D_NO_LIBXML=1 -D_NO_LIBPNG=1 -D_NO_LIBUNINAMESLIST=1 -DFONTFORGE_CONFIG_NO_WINDOWING_UI=1 -DLUA_FF_LIB=1 -UHAVE_LIBINTL_H   conftest.c >&5
configure:2075: $? = 0
configure:2079: test -z 
			 || test ! -s conftest.err
configure:2082: $? = 0
configure:2085: test -s conftest.o
configure:2088: $? = 0
configure:2101: result: yes
configure:2107: checking whether gcc accepts -g
configure:2128: gcc -c -g  conftest.c >&5
configure:2134: $? = 0
configure:2138: test -z 
			 || test ! -s conftest.err
configure:2141: $? = 0
configure:2144: test -s conftest.o
configure:2147: $? = 0
configure:2158: result: yes
configure:2175: checking for gcc option to accept ANSI C
configure:2245: gcc  -c -g -O2 -D_NO_LIBJPEG=1 -D_NO_FREETYPE=1 -D_NO_LIBXML=1 -D_NO_LIBPNG=1 -D_NO_LIBUNINAMESLIST=1 -DFONTFORGE_CONFIG_NO_WINDOWING_UI=1 -DLUA_FF_LIB=1 -UHAVE_LIBINTL_H   conftest.c >&5
configure:2251: $? = 0
configure:2255: test -z 
			 || test ! -s conftest.err
configure:2258: $? = 0
configure:2261: test -s conftest.o
configure:2264: $? = 0
configure:2282: result: none needed
configure:2300: gcc -c -g -O2 -D_NO_LIBJPEG=1 -D_NO_FREETYPE=1 -D_NO_LIBXML=1 -D_NO_LIBPNG=1 -D_NO_LIBUNINAMESLIST=1 -DFONTFORGE_CONFIG_NO_WINDOWING_UI=1 -DLUA_FF_LIB=1 -UHAVE_LIBINTL_H   conftest.c >&5
conftest.c:2: error: expected '=', ',', ';', 'asm' or '__attribute__' before 'me'
configure:2306: $? = 1
configure: failed program was:
| #ifndef __cplusplus
|   choke me
| #endif
configure:2477: checking for a BSD-compatible install
configure:2532: result: /usr/bin/install -c
configure:2598: checking build system type
configure:2616: result: i686-pc-linux-gnu
configure:2624: checking host system type
configure:2638: result: i686-pc-linux-gnu
configure:2734: checking whether byte ordering is bigendian
configure:2761: gcc -c -g -O2 -D_NO_LIBJPEG=1 -D_NO_FREETYPE=1 -D_NO_LIBXML=1 -D_NO_LIBPNG=1 -D_NO_LIBUNINAMESLIST=1 -DFONTFORGE_CONFIG_NO_WINDOWING_UI=1 -DLUA_FF_LIB=1 -UHAVE_LIBINTL_H   conftest.c >&5
configure:2767: $? = 0
configure:2771: test -z 
			 || test ! -s conftest.err
configure:2774: $? = 0
configure:2777: test -s conftest.o
configure:2780: $? = 0
configure:2804: gcc -c -g -O2 -D_NO_LIBJPEG=1 -D_NO_FREETYPE=1 -D_NO_LIBXML=1 -D_NO_LIBPNG=1 -D_NO_LIBUNINAMESLIST=1 -DFONTFORGE_CONFIG_NO_WINDOWING_UI=1 -DLUA_FF_LIB=1 -UHAVE_LIBINTL_H   conftest.c >&5
conftest.c: In function 'main':
conftest.c:16: error: 'not' undeclared (first use in this function)
conftest.c:16: error: (Each undeclared identifier is reported only once
conftest.c:16: error: for each function it appears in.)
conftest.c:16: error: expected ';' before 'big'
configure:2810: $? = 1
configure: failed program was:
| /* confdefs.h.  */
| 
| #define PACKAGE_NAME ""
| #define PACKAGE_TARNAME ""
| #define PACKAGE_VERSION ""
| #define PACKAGE_STRING ""
| #define PACKAGE_BUGREPORT ""
| /* end confdefs.h.  */
| #include <sys/types.h>
| #include <sys/param.h>
| 
| int
| main ()
| {
| #if BYTE_ORDER != BIG_ENDIAN
|  not big endian
| #endif
| 
|   ;
|   return 0;
| }
configure:2945: result: no
configure:2989: checking for a sed that does not truncate output
configure:3043: result: /bin/sed
configure:3046: checking for egrep
configure:3056: result: grep -E
configure:3072: checking for ld used by gcc
configure:3139: result: /usr/bin/ld
configure:3148: checking if the linker (/usr/bin/ld) is GNU ld
configure:3163: result: yes
configure:3168: checking for /usr/bin/ld option to reload object files
configure:3175: result: -r
configure:3193: checking for BSD-compatible nm
configure:3242: result: /usr/bin/nm -B
configure:3246: checking whether ln -s works
configure:3250: result: yes
configure:3257: checking how to recognise dependent libraries
configure:3433: result: pass_all
configure:3669: checking how to run the C preprocessor
configure:3704: gcc -E  conftest.c
configure:3710: $? = 0
configure:3742: gcc -E  conftest.c
conftest.c:9:28: error: ac_nonexistent.h: No such file or directory
configure:3748: $? = 1
configure: failed program was:
| /* confdefs.h.  */
| 
| #define PACKAGE_NAME ""
| #define PACKAGE_TARNAME ""
| #define PACKAGE_VERSION ""
| #define PACKAGE_STRING ""
| #define PACKAGE_BUGREPORT ""
| /* end confdefs.h.  */
| #include <ac_nonexistent.h>
configure:3787: result: gcc -E
configure:3811: gcc -E  conftest.c
configure:3817: $? = 0
configure:3849: gcc -E  conftest.c
conftest.c:9:28: error: ac_nonexistent.h: No such file or directory
configure:3855: $? = 1
configure: failed program was:
| /* confdefs.h.  */
| 
| #define PACKAGE_NAME ""
| #define PACKAGE_TARNAME ""
| #define PACKAGE_VERSION ""
| #define PACKAGE_STRING ""
| #define PACKAGE_BUGREPORT ""
| /* end confdefs.h.  */
| #include <ac_nonexistent.h>
configure:3899: checking for ANSI C header files
configure:3924: gcc -c -g -O2 -D_NO_LIBJPEG=1 -D_NO_FREETYPE=1 -D_NO_LIBXML=1 -D_NO_LIBPNG=1 -D_NO_LIBUNINAMESLIST=1 -DFONTFORGE_CONFIG_NO_WINDOWING_UI=1 -DLUA_FF_LIB=1 -UHAVE_LIBINTL_H   conftest.c >&5
configure:3930: $? = 0
configure:3934: test -z 
			 || test ! -s conftest.err
configure:3937: $? = 0
configure:3940: test -s conftest.o
configure:3943: $? = 0
configure:4032: gcc -o conftest -g -O2 -D_NO_LIBJPEG=1 -D_NO_FREETYPE=1 -D_NO_LIBXML=1 -D_NO_LIBPNG=1 -D_NO_LIBUNINAMESLIST=1 -DFONTFORGE_CONFIG_NO_WINDOWING_UI=1 -DLUA_FF_LIB=1 -UHAVE_LIBINTL_H    -L/usr/local/lib conftest.c  >&5
conftest.c: In function 'main':
conftest.c:26: warning: incompatible implicit declaration of built-in function 'exit'
configure:4035: $? = 0
configure:4037: ./conftest
configure:4040: $? = 0
configure:4055: result: yes
configure:4079: checking for sys/types.h
configure:4095: gcc -c -g -O2 -D_NO_LIBJPEG=1 -D_NO_FREETYPE=1 -D_NO_LIBXML=1 -D_NO_LIBPNG=1 -D_NO_LIBUNINAMESLIST=1 -DFONTFORGE_CONFIG_NO_WINDOWING_UI=1 -DLUA_FF_LIB=1 -UHAVE_LIBINTL_H   conftest.c >&5
configure:4101: $? = 0
configure:4105: test -z 
			 || test ! -s conftest.err
configure:4108: $? = 0
configure:4111: test -s conftest.o
configure:4114: $? = 0
configure:4125: result: yes
configure:4079: checking for sys/stat.h
configure:4095: gcc -c -g -O2 -D_NO_LIBJPEG=1 -D_NO_FREETYPE=1 -D_NO_LIBXML=1 -D_NO_LIBPNG=1 -D_NO_LIBUNINAMESLIST=1 -DFONTFORGE_CONFIG_NO_WINDOWING_UI=1 -DLUA_FF_LIB=1 -UHAVE_LIBINTL_H   conftest.c >&5
configure:4101: $? = 0
configure:4105: test -z 
			 || test ! -s conftest.err
configure:4108: $? = 0
configure:4111: test -s conftest.o
configure:4114: $? = 0
configure:4125: result: yes
configure:4079: checking for stdlib.h
configure:4095: gcc -c -g -O2 -D_NO_LIBJPEG=1 -D_NO_FREETYPE=1 -D_NO_LIBXML=1 -D_NO_LIBPNG=1 -D_NO_LIBUNINAMESLIST=1 -DFONTFORGE_CONFIG_NO_WINDOWING_UI=1 -DLUA_FF_LIB=1 -UHAVE_LIBINTL_H   conftest.c >&5
configure:4101: $? = 0
configure:4105: test -z 
			 || test ! -s conftest.err
configure:4108: $? = 0
configure:4111: test -s conftest.o
configure:4114: $? = 0
configure:4125: result: yes
configure:4079: checking for string.h
configure:4095: gcc -c -g -O2 -D_NO_LIBJPEG=1 -D_NO_FREETYPE=1 -D_NO_LIBXML=1 -D_NO_LIBPNG=1 -D_NO_LIBUNINAMESLIST=1 -DFONTFORGE_CONFIG_NO_WINDOWING_UI=1 -DLUA_FF_LIB=1 -UHAVE_LIBINTL_H   conftest.c >&5
configure:4101: $? = 0
configure:4105: test -z 
			 || test ! -s conftest.err
configure:4108: $? = 0
configure:4111: test -s conftest.o
configure:4114: $? = 0
configure:4125: result: yes
configure:4079: checking for memory.h
configure:4095: gcc -c -g -O2 -D_NO_LIBJPEG=1 -D_NO_FREETYPE=1 -D_NO_LIBXML=1 -D_NO_LIBPNG=1 -D_NO_LIBUNINAMESLIST=1 -DFONTFORGE_CONFIG_NO_WINDOWING_UI=1 -DLUA_FF_LIB=1 -UHAVE_LIBINTL_H   conftest.c >&5
configure:4101: $? = 0
configure:4105: test -z 
			 || test ! -s conftest.err
configure:4108: $? = 0
configure:4111: test -s conftest.o
configure:4114: $? = 0
configure:4125: result: yes
configure:4079: checking for strings.h
configure:4095: gcc -c -g -O2 -D_NO_LIBJPEG=1 -D_NO_FREETYPE=1 -D_NO_LIBXML=1 -D_NO_LIBPNG=1 -D_NO_LIBUNINAMESLIST=1 -DFONTFORGE_CONFIG_NO_WINDOWING_UI=1 -DLUA_FF_LIB=1 -UHAVE_LIBINTL_H   conftest.c >&5
configure:4101: $? = 0
configure:4105: test -z 
			 || test ! -s conftest.err
configure:4108: $? = 0
configure:4111: test -s conftest.o
configure:4114: $? = 0
configure:4125: result: yes
configure:4079: checking for inttypes.h
configure:4095: gcc -c -g -O2 -D_NO_LIBJPEG=1 -D_NO_FREETYPE=1 -D_NO_LIBXML=1 -D_NO_LIBPNG=1 -D_NO_LIBUNINAMESLIST=1 -DFONTFORGE_CONFIG_NO_WINDOWING_UI=1 -DLUA_FF_LIB=1 -UHAVE_LIBINTL_H   conftest.c >&5
configure:4101: $? = 0
configure:4105: test -z 
			 || test ! -s conftest.err
configure:4108: $? = 0
configure:4111: test -s conftest.o
configure:4114: $? = 0
configure:4125: result: yes
configure:4079: checking for stdint.h
configure:4095: gcc -c -g -O2 -D_NO_LIBJPEG=1 -D_NO_FREETYPE=1 -D_NO_LIBXML=1 -D_NO_LIBPNG=1 -D_NO_LIBUNINAMESLIST=1 -DFONTFORGE_CONFIG_NO_WINDOWING_UI=1 -DLUA_FF_LIB=1 -UHAVE_LIBINTL_H   conftest.c >&5
configure:4101: $? = 0
configure:4105: test -z 
			 || test ! -s conftest.err
configure:4108: $? = 0
configure:4111: test -s conftest.o
configure:4114: $? = 0
configure:4125: result: yes
configure:4079: checking for unistd.h
configure:4095: gcc -c -g -O2 -D_NO_LIBJPEG=1 -D_NO_FREETYPE=1 -D_NO_LIBXML=1 -D_NO_LIBPNG=1 -D_NO_LIBUNINAMESLIST=1 -DFONTFORGE_CONFIG_NO_WINDOWING_UI=1 -DLUA_FF_LIB=1 -UHAVE_LIBINTL_H   conftest.c >&5
configure:4101: $? = 0
configure:4105: test -z 
			 || test ! -s conftest.err
configure:4108: $? = 0
configure:4111: test -s conftest.o
configure:4114: $? = 0
configure:4125: result: yes
configure:4151: checking dlfcn.h usability
configure:4163: gcc -c -g -O2 -D_NO_LIBJPEG=1 -D_NO_FREETYPE=1 -D_NO_LIBXML=1 -D_NO_LIBPNG=1 -D_NO_LIBUNINAMESLIST=1 -DFONTFORGE_CONFIG_NO_WINDOWING_UI=1 -DLUA_FF_LIB=1 -UHAVE_LIBINTL_H   conftest.c >&5
configure:4169: $? = 0
configure:4173: test -z 
			 || test ! -s conftest.err
configure:4176: $? = 0
configure:4179: test -s conftest.o
configure:4182: $? = 0
configure:4192: result: yes
configure:4196: checking dlfcn.h presence
configure:4206: gcc -E  conftest.c
configure:4212: $? = 0
configure:4232: result: yes
configure:4267: checking for dlfcn.h
configure:4274: result: yes
configure:4339: checking for g++
configure:4355: found /usr/bin/g++
configure:4365: result: g++
configure:4381: checking for C++ compiler version
configure:4384: g++ --version </dev/null >&5
g++ (GCC) 4.1.2 20070302 (prerelease) (4.1.2-1mdv2007.1)
Copyright (C) 2006 Free Software Foundation, Inc.
This is free software; see the source for copying conditions.  There is NO
warranty; not even for MERCHANTABILITY or FITNESS FOR A PARTICULAR PURPOSE.

configure:4387: $? = 0
configure:4389: g++ -v </dev/null >&5
Using built-in specs.
Target: i586-mandriva-linux-gnu
Configured with: ../configure --prefix=/usr --libexecdir=/usr/lib --with-slibdir=/lib --mandir=/usr/share/man --infodir=/usr/share/info --enable-checking=release --enable-languages=c,c++,ada,fortran,objc,obj-c++,java --host=i586-mandriva-linux-gnu --with-cpu=generic --with-system-zlib --enable-threads=posix --enable-shared --enable-long-long --enable-__cxa_atexit --disable-libunwind-exceptions --enable-clocale=gnu --enable-java-awt=gtk --with-java-home=/usr/lib/jvm/java-1.4.2-gcj-1.4.2.0/jre --enable-gtk-cairo --disable-libjava-multilib --enable-ssp --disable-libssp
Thread model: posix
gcc version 4.1.2 20070302 (prerelease) (4.1.2-1mdv2007.1)
configure:4392: $? = 0
configure:4394: g++ -V </dev/null >&5
g++: '-V' option must have argument
configure:4397: $? = 1
configure:4400: checking whether we are using the GNU C++ compiler
configure:4424: g++ -c   conftest.cc >&5
configure:4430: $? = 0
configure:4434: test -z 
			 || test ! -s conftest.err
configure:4437: $? = 0
configure:4440: test -s conftest.o
configure:4443: $? = 0
configure:4456: result: yes
configure:4462: checking whether g++ accepts -g
configure:4483: g++ -c -g  conftest.cc >&5
configure:4489: $? = 0
configure:4493: test -z 
			 || test ! -s conftest.err
configure:4496: $? = 0
configure:4499: test -s conftest.o
configure:4502: $? = 0
configure:4513: result: yes
configure:4555: g++ -c -g -O2  conftest.cc >&5
configure:4561: $? = 0
configure:4565: test -z 
			 || test ! -s conftest.err
configure:4568: $? = 0
configure:4571: test -s conftest.o
configure:4574: $? = 0
configure:4600: g++ -c -g -O2  conftest.cc >&5
conftest.cc: In function 'int main()':
conftest.cc:24: error: 'exit' was not declared in this scope
configure:4606: $? = 1
configure: failed program was:
| /* confdefs.h.  */
| 
| #define PACKAGE_NAME ""
| #define PACKAGE_TARNAME ""
| #define PACKAGE_VERSION ""
| #define PACKAGE_STRING ""
| #define PACKAGE_BUGREPORT ""
| #define STDC_HEADERS 1
| #define HAVE_SYS_TYPES_H 1
| #define HAVE_SYS_STAT_H 1
| #define HAVE_STDLIB_H 1
| #define HAVE_STRING_H 1
| #define HAVE_MEMORY_H 1
| #define HAVE_STRINGS_H 1
| #define HAVE_INTTYPES_H 1
| #define HAVE_STDINT_H 1
| #define HAVE_UNISTD_H 1
| #define HAVE_DLFCN_H 1
| /* end confdefs.h.  */
| 
| int
| main ()
| {
| exit (42);
|   ;
|   return 0;
| }
configure:4555: g++ -c -g -O2  conftest.cc >&5
configure:4561: $? = 0
configure:4565: test -z 
			 || test ! -s conftest.err
configure:4568: $? = 0
configure:4571: test -s conftest.o
configure:4574: $? = 0
configure:4600: g++ -c -g -O2  conftest.cc >&5
configure:4606: $? = 0
configure:4610: test -z 
			 || test ! -s conftest.err
configure:4613: $? = 0
configure:4616: test -s conftest.o
configure:4619: $? = 0
configure:4652: checking how to run the C++ preprocessor
configure:4683: g++ -E  conftest.cc
configure:4689: $? = 0
configure:4721: g++ -E  conftest.cc
conftest.cc:23:28: error: ac_nonexistent.h: No such file or directory
configure:4727: $? = 1
configure: failed program was:
| /* confdefs.h.  */
| 
| #define PACKAGE_NAME ""
| #define PACKAGE_TARNAME ""
| #define PACKAGE_VERSION ""
| #define PACKAGE_STRING ""
| #define PACKAGE_BUGREPORT ""
| #define STDC_HEADERS 1
| #define HAVE_SYS_TYPES_H 1
| #define HAVE_SYS_STAT_H 1
| #define HAVE_STDLIB_H 1
| #define HAVE_STRING_H 1
| #define HAVE_MEMORY_H 1
| #define HAVE_STRINGS_H 1
| #define HAVE_INTTYPES_H 1
| #define HAVE_STDINT_H 1
| #define HAVE_UNISTD_H 1
| #define HAVE_DLFCN_H 1
| #ifdef __cplusplus
| extern "C" void std::exit (int) throw (); using std::exit;
| #endif
| /* end confdefs.h.  */
| #include <ac_nonexistent.h>
configure:4766: result: g++ -E
configure:4790: g++ -E  conftest.cc
configure:4796: $? = 0
configure:4828: g++ -E  conftest.cc
conftest.cc:23:28: error: ac_nonexistent.h: No such file or directory
configure:4834: $? = 1
configure: failed program was:
| /* confdefs.h.  */
| 
| #define PACKAGE_NAME ""
| #define PACKAGE_TARNAME ""
| #define PACKAGE_VERSION ""
| #define PACKAGE_STRING ""
| #define PACKAGE_BUGREPORT ""
| #define STDC_HEADERS 1
| #define HAVE_SYS_TYPES_H 1
| #define HAVE_SYS_STAT_H 1
| #define HAVE_STDLIB_H 1
| #define HAVE_STRING_H 1
| #define HAVE_MEMORY_H 1
| #define HAVE_STRINGS_H 1
| #define HAVE_INTTYPES_H 1
| #define HAVE_STDINT_H 1
| #define HAVE_UNISTD_H 1
| #define HAVE_DLFCN_H 1
| #ifdef __cplusplus
| extern "C" void std::exit (int) throw (); using std::exit;
| #endif
| /* end confdefs.h.  */
| #include <ac_nonexistent.h>
configure:4931: checking for g77
configure:4960: result: no
configure:4931: checking for f77
configure:4960: result: no
configure:4931: checking for xlf
configure:4960: result: no
configure:4931: checking for frt
configure:4960: result: no
configure:4931: checking for pgf77
configure:4960: result: no
configure:4931: checking for fort77
configure:4960: result: no
configure:4931: checking for fl32
configure:4960: result: no
configure:4931: checking for af77
configure:4960: result: no
configure:4931: checking for f90
configure:4960: result: no
configure:4931: checking for xlf90
configure:4960: result: no
configure:4931: checking for pgf90
configure:4960: result: no
configure:4931: checking for epcf90
configure:4960: result: no
configure:4931: checking for f95
configure:4960: result: no
configure:4931: checking for fort
configure:4960: result: no
configure:4931: checking for xlf95
configure:4960: result: no
configure:4931: checking for ifc
configure:4960: result: no
configure:4931: checking for efc
configure:4960: result: no
configure:4931: checking for pgf95
configure:4960: result: no
configure:4931: checking for lf95
configure:4960: result: no
configure:4931: checking for gfortran
configure:4960: result: no
configure:4972: checking for Fortran 77 compiler version
configure:4975:  --version </dev/null >&5
./configure: line 4976: --version: command not found
configure:4978: $? = 127
configure:4980:  -v </dev/null >&5
./configure: line 4981: -v: command not found
configure:4983: $? = 127
configure:4985:  -V </dev/null >&5
./configure: line 4986: -V: command not found
configure:4988: $? = 127
configure:4996: checking whether we are using the GNU Fortran 77 compiler
configure:5010:  -c  conftest.F >&5
./configure: line 5011: -c: command not found
configure:5016: $? = 127
configure: failed program was:
|       program main
| #ifndef __GNUC__
|        choke me
| #endif
| 
|       end
configure:5042: result: no
configure:5048: checking whether  accepts -g
configure:5060:  -c -g conftest.f >&5
./configure: line 5061: -c: command not found
configure:5066: $? = 127
configure: failed program was:
|       program main
| 
|       end
configure:5091: result: no
configure:5121: checking the maximum length of command line arguments
configure:5230: result: 32768
configure:5241: checking command to parse /usr/bin/nm -B output from gcc object
configure:5346: gcc -c -g -O2 -D_NO_LIBJPEG=1 -D_NO_FREETYPE=1 -D_NO_LIBXML=1 -D_NO_LIBPNG=1 -D_NO_LIBUNINAMESLIST=1 -DFONTFORGE_CONFIG_NO_WINDOWING_UI=1 -DLUA_FF_LIB=1 -UHAVE_LIBINTL_H   conftest.c >&5
configure:5349: $? = 0
configure:5353: /usr/bin/nm -B conftest.o \| sed -n -e 's/^.*[ 	]\([ABCDGIRSTW][ABCDGIRSTW]*\)[ 	][ 	]*\([_A-Za-z][_A-Za-z0-9]*\)$/\1 \2 \2/p' \> conftest.nm
configure:5356: $? = 0
configure:5408: gcc -o conftest -g -O2 -D_NO_LIBJPEG=1 -D_NO_FREETYPE=1 -D_NO_LIBXML=1 -D_NO_LIBPNG=1 -D_NO_LIBUNINAMESLIST=1 -DFONTFORGE_CONFIG_NO_WINDOWING_UI=1 -DLUA_FF_LIB=1 -UHAVE_LIBINTL_H    -L/usr/local/lib conftest.c conftstm.o >&5
configure:5411: $? = 0
configure:5449: result: ok
configure:5453: checking for objdir
configure:5468: result: .libs
configure:5558: checking for ar
configure:5574: found /usr/bin/ar
configure:5585: result: ar
configure:5638: checking for ranlib
configure:5654: found /usr/bin/ranlib
configure:5665: result: ranlib
configure:5718: checking for strip
configure:5734: found /usr/bin/strip
configure:5745: result: strip
configure:6021: checking if gcc supports -fno-rtti -fno-exceptions
configure:6039: gcc -c -g -O2 -D_NO_LIBJPEG=1 -D_NO_FREETYPE=1 -D_NO_LIBXML=1 -D_NO_LIBPNG=1 -D_NO_LIBUNINAMESLIST=1 -DFONTFORGE_CONFIG_NO_WINDOWING_UI=1 -DLUA_FF_LIB=1 -UHAVE_LIBINTL_H   -fno-rtti -fno-exceptions conftest.c >&5
cc1: warning: command line option "-fno-rtti" is valid for C++/ObjC++ but not for C
configure:6043: $? = 0
configure:6056: result: no
configure:6071: checking for gcc option to produce PIC
configure:6285: result: -fPIC
configure:6293: checking if gcc PIC flag -fPIC works
configure:6311: gcc -c -g -O2 -D_NO_LIBJPEG=1 -D_NO_FREETYPE=1 -D_NO_LIBXML=1 -D_NO_LIBPNG=1 -D_NO_LIBUNINAMESLIST=1 -DFONTFORGE_CONFIG_NO_WINDOWING_UI=1 -DLUA_FF_LIB=1 -UHAVE_LIBINTL_H   -fPIC -DPIC conftest.c >&5
configure:6315: $? = 0
configure:6328: result: yes
configure:6356: checking if gcc static flag -static works
configure:6384: result: yes
configure:6394: checking if gcc supports -c -o file.o
configure:6415: gcc -c -g -O2 -D_NO_LIBJPEG=1 -D_NO_FREETYPE=1 -D_NO_LIBXML=1 -D_NO_LIBPNG=1 -D_NO_LIBUNINAMESLIST=1 -DFONTFORGE_CONFIG_NO_WINDOWING_UI=1 -DLUA_FF_LIB=1 -UHAVE_LIBINTL_H   -o out/conftest2.o conftest.c >&5
configure:6419: $? = 0
configure:6441: result: yes
configure:6467: checking whether the gcc linker (/usr/bin/ld) supports shared libraries
configure:7425: result: yes
configure:7446: checking whether -lc should be explicitly linked in
configure:7451: gcc -c -g -O2 -D_NO_LIBJPEG=1 -D_NO_FREETYPE=1 -D_NO_LIBXML=1 -D_NO_LIBPNG=1 -D_NO_LIBUNINAMESLIST=1 -DFONTFORGE_CONFIG_NO_WINDOWING_UI=1 -DLUA_FF_LIB=1 -UHAVE_LIBINTL_H   conftest.c >&5
configure:7454: $? = 0
configure:7469: gcc -shared conftest.o  -v -Wl,-soname -Wl,conftest -o conftest 2\>\&1 \| grep  -lc  \>/dev/null 2\>\&1
configure:7472: $? = 0
configure:7484: result: no
configure:7492: checking dynamic linker characteristics
configure:8080: result: GNU/Linux ld.so
configure:8089: checking how to hardcode library paths into programs
configure:8114: result: immediate
configure:8128: checking whether stripping libraries is possible
configure:8133: result: yes
configure:8967: checking if libtool supports shared libraries
configure:8969: result: yes
configure:8972: checking whether to build shared libraries
configure:8993: result: yes
configure:8996: checking whether to build static libraries
configure:9000: result: yes
configure:9092: creating libtool
configure:9680: checking for ld used by g++
configure:9747: result: /usr/bin/ld
configure:9756: checking if the linker (/usr/bin/ld) is GNU ld
configure:9771: result: yes
configure:9822: checking whether the g++ linker (/usr/bin/ld) supports shared libraries
configure:10760: result: yes
configure:10782: g++ -c -g -O2  conftest.cpp >&5
configure:10785: $? = 0
configure:10904: checking for g++ option to produce PIC
configure:11180: result: -fPIC
configure:11188: checking if g++ PIC flag -fPIC works
configure:11206: g++ -c -g -O2  -fPIC -DPIC conftest.cpp >&5
configure:11210: $? = 0
configure:11223: result: yes
configure:11251: checking if g++ static flag -static works
configure:11279: result: no
configure:11289: checking if g++ supports -c -o file.o
configure:11310: g++ -c -g -O2  -o out/conftest2.o conftest.cpp >&5
configure:11314: $? = 0
configure:11336: result: yes
configure:11362: checking whether the g++ linker (/usr/bin/ld) supports shared libraries
configure:11387: result: yes
configure:11454: checking dynamic linker characteristics
configure:12042: result: GNU/Linux ld.so
configure:12051: checking how to hardcode library paths into programs
configure:12076: result: immediate
configure:18290: checking for library containing dlopen
configure:18320: gcc -o conftest -g -O2 -D_NO_LIBJPEG=1 -D_NO_FREETYPE=1 -D_NO_LIBXML=1 -D_NO_LIBPNG=1 -D_NO_LIBUNINAMESLIST=1 -DFONTFORGE_CONFIG_NO_WINDOWING_UI=1 -DLUA_FF_LIB=1 -UHAVE_LIBINTL_H    -L/usr/local/lib conftest.c  >&5
/home/taco/tmp/ccKm96bf.o: In function `main':
/opt/tex/luatex/src/libs/luafontforge/fontforge/conftest.c:34: undefined reference to `dlopen'
collect2: ld returned 1 exit status
configure:18326: $? = 1
configure: failed program was:
| /* confdefs.h.  */
| 
| #define PACKAGE_NAME ""
| #define PACKAGE_TARNAME ""
| #define PACKAGE_VERSION ""
| #define PACKAGE_STRING ""
| #define PACKAGE_BUGREPORT ""
| #define STDC_HEADERS 1
| #define HAVE_SYS_TYPES_H 1
| #define HAVE_SYS_STAT_H 1
| #define HAVE_STDLIB_H 1
| #define HAVE_STRING_H 1
| #define HAVE_MEMORY_H 1
| #define HAVE_STRINGS_H 1
| #define HAVE_INTTYPES_H 1
| #define HAVE_STDINT_H 1
| #define HAVE_UNISTD_H 1
| #define HAVE_DLFCN_H 1
| #ifdef __cplusplus
| extern "C" void std::exit (int) throw (); using std::exit;
| #endif
| /* end confdefs.h.  */
| 
| /* Override any gcc2 internal prototype to avoid an error.  */
| #ifdef __cplusplus
| extern "C"
| #endif
| /* We use char because int might match the return type of a gcc2
|    builtin and then its argument prototype would still apply.  */
| char dlopen ();
| int
| main ()
| {
| dlopen ();
|   ;
|   return 0;
| }
configure:18375: gcc -o conftest -g -O2 -D_NO_LIBJPEG=1 -D_NO_FREETYPE=1 -D_NO_LIBXML=1 -D_NO_LIBPNG=1 -D_NO_LIBUNINAMESLIST=1 -DFONTFORGE_CONFIG_NO_WINDOWING_UI=1 -DLUA_FF_LIB=1 -UHAVE_LIBINTL_H    -L/usr/local/lib conftest.c -ldl   >&5
configure:18381: $? = 0
configure:18385: test -z 
			 || test ! -s conftest.err
configure:18388: $? = 0
configure:18391: test -s conftest
configure:18394: $? = 0
configure:18409: result: -ldl
configure:18415: checking for library containing inet_aton
configure:18445: gcc -o conftest -g -O2 -D_NO_LIBJPEG=1 -D_NO_FREETYPE=1 -D_NO_LIBXML=1 -D_NO_LIBPNG=1 -D_NO_LIBUNINAMESLIST=1 -DFONTFORGE_CONFIG_NO_WINDOWING_UI=1 -DLUA_FF_LIB=1 -UHAVE_LIBINTL_H    -L/usr/local/lib conftest.c -ldl  >&5
configure:18451: $? = 0
configure:18455: test -z 
			 || test ! -s conftest.err
configure:18458: $? = 0
configure:18461: test -s conftest
configure:18464: $? = 0
configure:18534: result: none required
configure:18867: checking for tzset
configure:18924: gcc -o conftest -g -O2 -D_NO_LIBJPEG=1 -D_NO_FREETYPE=1 -D_NO_LIBXML=1 -D_NO_LIBPNG=1 -D_NO_LIBUNINAMESLIST=1 -DFONTFORGE_CONFIG_NO_WINDOWING_UI=1 -DLUA_FF_LIB=1 -UHAVE_LIBINTL_H    -L/usr/local/lib conftest.c -ldl  >&5
configure:18930: $? = 0
configure:18934: test -z 
			 || test ! -s conftest.err
configure:18937: $? = 0
configure:18940: test -s conftest
configure:18943: $? = 0
configure:18955: result: yes
configure:18972: checking for /usr/include/freetype2
configure:18987: result: yes
configure:19078: checking for /usr/include/libxml2/libxml
configure:19093: result: yes
configure:19129: checking for DGifOpenFileName in -lgif
configure:19159: gcc -o conftest -g -O2 -D_NO_LIBJPEG=1 -D_NO_FREETYPE=1 -D_NO_LIBXML=1 -D_NO_LIBPNG=1 -D_NO_LIBUNINAMESLIST=1 -DFONTFORGE_CONFIG_NO_WINDOWING_UI=1 -DLUA_FF_LIB=1 -UHAVE_LIBINTL_H  -I/usr/include/freetype2/ -I/usr/include/libxml2/   -L/usr/local/lib conftest.c -lgif  -ldl  >&5
/usr/bin/ld: cannot find -lgif
collect2: ld returned 1 exit status
configure:19165: $? = 1
configure: failed program was:
| /* confdefs.h.  */
| 
| #define PACKAGE_NAME ""
| #define PACKAGE_TARNAME ""
| #define PACKAGE_VERSION ""
| #define PACKAGE_STRING ""
| #define PACKAGE_BUGREPORT ""
| #define STDC_HEADERS 1
| #define HAVE_SYS_TYPES_H 1
| #define HAVE_SYS_STAT_H 1
| #define HAVE_STDLIB_H 1
| #define HAVE_STRING_H 1
| #define HAVE_MEMORY_H 1
| #define HAVE_STRINGS_H 1
| #define HAVE_INTTYPES_H 1
| #define HAVE_STDINT_H 1
| #define HAVE_UNISTD_H 1
| #define HAVE_DLFCN_H 1
| #ifdef __cplusplus
| extern "C" void std::exit (int) throw (); using std::exit;
| #endif
| #define _NO_PYTHON 1
| /* end confdefs.h.  */
| 
| /* Override any gcc2 internal prototype to avoid an error.  */
| #ifdef __cplusplus
| extern "C"
| #endif
| /* We use char because int might match the return type of a gcc2
|    builtin and then its argument prototype would still apply.  */
| char DGifOpenFileName ();
| int
| main ()
| {
| DGifOpenFileName ();
|   ;
|   return 0;
| }
configure:19191: result: no
configure:19249: checking for DGifOpenFileName in -lungif
configure:19279: gcc -o conftest -g -O2 -D_NO_LIBJPEG=1 -D_NO_FREETYPE=1 -D_NO_LIBXML=1 -D_NO_LIBPNG=1 -D_NO_LIBUNINAMESLIST=1 -DFONTFORGE_CONFIG_NO_WINDOWING_UI=1 -DLUA_FF_LIB=1 -UHAVE_LIBINTL_H  -I/usr/include/freetype2/ -I/usr/include/libxml2/   -L/usr/local/lib conftest.c -lungif  -ldl  >&5
/usr/bin/ld: cannot find -lungif
collect2: ld returned 1 exit status
configure:19285: $? = 1
configure: failed program was:
| /* confdefs.h.  */
| 
| #define PACKAGE_NAME ""
| #define PACKAGE_TARNAME ""
| #define PACKAGE_VERSION ""
| #define PACKAGE_STRING ""
| #define PACKAGE_BUGREPORT ""
| #define STDC_HEADERS 1
| #define HAVE_SYS_TYPES_H 1
| #define HAVE_SYS_STAT_H 1
| #define HAVE_STDLIB_H 1
| #define HAVE_STRING_H 1
| #define HAVE_MEMORY_H 1
| #define HAVE_STRINGS_H 1
| #define HAVE_INTTYPES_H 1
| #define HAVE_STDINT_H 1
| #define HAVE_UNISTD_H 1
| #define HAVE_DLFCN_H 1
| #ifdef __cplusplus
| extern "C" void std::exit (int) throw (); using std::exit;
| #endif
| #define _NO_PYTHON 1
| /* end confdefs.h.  */
| 
| /* Override any gcc2 internal prototype to avoid an error.  */
| #ifdef __cplusplus
| extern "C"
| #endif
| /* We use char because int might match the return type of a gcc2
|    builtin and then its argument prototype would still apply.  */
| char DGifOpenFileName ();
| int
| main ()
| {
| DGifOpenFileName ();
|   ;
|   return 0;
| }
configure:19311: result: no
configure:19378: checking for deflateEnd in -lz
configure:19408: gcc -o conftest -g -O2 -D_NO_LIBJPEG=1 -D_NO_FREETYPE=1 -D_NO_LIBXML=1 -D_NO_LIBPNG=1 -D_NO_LIBUNINAMESLIST=1 -DFONTFORGE_CONFIG_NO_WINDOWING_UI=1 -DLUA_FF_LIB=1 -UHAVE_LIBINTL_H  -I/usr/include/freetype2/ -I/usr/include/libxml2/   -L/usr/local/lib conftest.c -lz -lm -ldl  >&5
configure:19414: $? = 0
configure:19418: test -z 
			 || test ! -s conftest.err
configure:19421: $? = 0
configure:19424: test -s conftest
configure:19427: $? = 0
configure:19440: result: yes
configure:19451: checking for png_create_read_struct in -lpng
configure:19481: gcc -o conftest -g -O2 -D_NO_LIBJPEG=1 -D_NO_FREETYPE=1 -D_NO_LIBXML=1 -D_NO_LIBPNG=1 -D_NO_LIBUNINAMESLIST=1 -DFONTFORGE_CONFIG_NO_WINDOWING_UI=1 -DLUA_FF_LIB=1 -UHAVE_LIBINTL_H  -I/usr/include/freetype2/ -I/usr/include/libxml2/   -L/usr/local/lib conftest.c -lpng -lz -lm -ldl  >&5
configure:19487: $? = 0
configure:19491: test -z 
			 || test ! -s conftest.err
configure:19494: $? = 0
configure:19497: test -s conftest
configure:19500: $? = 0
configure:19513: result: yes
configure:19607: checking png.h usability
configure:19619: gcc -c -g -O2 -D_NO_LIBJPEG=1 -D_NO_FREETYPE=1 -D_NO_LIBXML=1 -D_NO_LIBPNG=1 -D_NO_LIBUNINAMESLIST=1 -DFONTFORGE_CONFIG_NO_WINDOWING_UI=1 -DLUA_FF_LIB=1 -UHAVE_LIBINTL_H  -I/usr/include/freetype2/ -I/usr/include/libxml2/  conftest.c >&5
configure:19625: $? = 0
configure:19629: test -z 
			 || test ! -s conftest.err
configure:19632: $? = 0
configure:19635: test -s conftest.o
configure:19638: $? = 0
configure:19648: result: yes
configure:19652: checking png.h presence
configure:19662: gcc -E  conftest.c
configure:19668: $? = 0
configure:19688: result: yes
configure:19723: checking for png.h
configure:19730: result: yes
configure:19744: checking for jpeg_CreateDecompress in -ljpeg
configure:19774: gcc -o conftest -g -O2 -D_NO_LIBJPEG=1 -D_NO_FREETYPE=1 -D_NO_LIBXML=1 -D_NO_LIBPNG=1 -D_NO_LIBUNINAMESLIST=1 -DFONTFORGE_CONFIG_NO_WINDOWING_UI=1 -DLUA_FF_LIB=1 -UHAVE_LIBINTL_H  -I/usr/include/freetype2/ -I/usr/include/libxml2/   -L/usr/local/lib conftest.c -ljpeg  -ldl  >&5
configure:19780: $? = 0
configure:19784: test -z 
			 || test ! -s conftest.err
configure:19787: $? = 0
configure:19790: test -s conftest
configure:19793: $? = 0
configure:19806: result: yes
configure:19827: checking jpeglib.h usability
configure:19839: gcc -c -g -O2 -D_NO_LIBJPEG=1 -D_NO_FREETYPE=1 -D_NO_LIBXML=1 -D_NO_LIBPNG=1 -D_NO_LIBUNINAMESLIST=1 -DFONTFORGE_CONFIG_NO_WINDOWING_UI=1 -DLUA_FF_LIB=1 -UHAVE_LIBINTL_H  -I/usr/include/freetype2/ -I/usr/include/libxml2/  conftest.c >&5
configure:19845: $? = 0
configure:19849: test -z 
			 || test ! -s conftest.err
configure:19852: $? = 0
configure:19855: test -s conftest.o
configure:19858: $? = 0
configure:19868: result: yes
configure:19872: checking jpeglib.h presence
configure:19882: gcc -E  conftest.c
configure:19888: $? = 0
configure:19908: result: yes
configure:19943: checking for jpeglib.h
configure:19950: result: yes
configure:19964: checking for TIFFOpen in -ltiff
configure:19994: gcc -o conftest -g -O2 -D_NO_LIBJPEG=1 -D_NO_FREETYPE=1 -D_NO_LIBXML=1 -D_NO_LIBPNG=1 -D_NO_LIBUNINAMESLIST=1 -DFONTFORGE_CONFIG_NO_WINDOWING_UI=1 -DLUA_FF_LIB=1 -UHAVE_LIBINTL_H  -I/usr/include/freetype2/ -I/usr/include/libxml2/   -L/usr/local/lib conftest.c -ltiff -lm  -ldl  >&5
/usr/bin/ld: cannot find -ltiff
collect2: ld returned 1 exit status
configure:20000: $? = 1
configure: failed program was:
| /* confdefs.h.  */
| 
| #define PACKAGE_NAME ""
| #define PACKAGE_TARNAME ""
| #define PACKAGE_VERSION ""
| #define PACKAGE_STRING ""
| #define PACKAGE_BUGREPORT ""
| #define STDC_HEADERS 1
| #define HAVE_SYS_TYPES_H 1
| #define HAVE_SYS_STAT_H 1
| #define HAVE_STDLIB_H 1
| #define HAVE_STRING_H 1
| #define HAVE_MEMORY_H 1
| #define HAVE_STRINGS_H 1
| #define HAVE_INTTYPES_H 1
| #define HAVE_STDINT_H 1
| #define HAVE_UNISTD_H 1
| #define HAVE_DLFCN_H 1
| #ifdef __cplusplus
| extern "C" void std::exit (int) throw (); using std::exit;
| #endif
| #define _NO_PYTHON 1
| #define _NO_LIBUNGIF 1
| /* end confdefs.h.  */
| 
| /* Override any gcc2 internal prototype to avoid an error.  */
| #ifdef __cplusplus
| extern "C"
| #endif
| /* We use char because int might match the return type of a gcc2
|    builtin and then its argument prototype would still apply.  */
| char TIFFOpen ();
| int
| main ()
| {
| TIFFOpen ();
|   ;
|   return 0;
| }
configure:20026: result: no
configure:20047: checking tiffio.h usability
configure:20059: gcc -c -g -O2 -D_NO_LIBJPEG=1 -D_NO_FREETYPE=1 -D_NO_LIBXML=1 -D_NO_LIBPNG=1 -D_NO_LIBUNINAMESLIST=1 -DFONTFORGE_CONFIG_NO_WINDOWING_UI=1 -DLUA_FF_LIB=1 -UHAVE_LIBINTL_H  -I/usr/include/freetype2/ -I/usr/include/libxml2/  conftest.c >&5
conftest.c:60:20: error: tiffio.h: No such file or directory
configure:20065: $? = 1
configure: failed program was:
| /* confdefs.h.  */
| 
| #define PACKAGE_NAME ""
| #define PACKAGE_TARNAME ""
| #define PACKAGE_VERSION ""
| #define PACKAGE_STRING ""
| #define PACKAGE_BUGREPORT ""
| #define STDC_HEADERS 1
| #define HAVE_SYS_TYPES_H 1
| #define HAVE_SYS_STAT_H 1
| #define HAVE_STDLIB_H 1
| #define HAVE_STRING_H 1
| #define HAVE_MEMORY_H 1
| #define HAVE_STRINGS_H 1
| #define HAVE_INTTYPES_H 1
| #define HAVE_STDINT_H 1
| #define HAVE_UNISTD_H 1
| #define HAVE_DLFCN_H 1
| #ifdef __cplusplus
| extern "C" void std::exit (int) throw (); using std::exit;
| #endif
| #define _NO_PYTHON 1
| #define _NO_LIBUNGIF 1
| #define _NO_LIBTIFF 1
| /* end confdefs.h.  */
| #include <stdio.h>
| #if HAVE_SYS_TYPES_H
| # include <sys/types.h>
| #endif
| #if HAVE_SYS_STAT_H
| # include <sys/stat.h>
| #endif
| #if STDC_HEADERS
| # include <stdlib.h>
| # include <stddef.h>
| #else
| # if HAVE_STDLIB_H
| #  include <stdlib.h>
| # endif
| #endif
| #if HAVE_STRING_H
| # if !STDC_HEADERS && HAVE_MEMORY_H
| #  include <memory.h>
| # endif
| # include <string.h>
| #endif
| #if HAVE_STRINGS_H
| # include <strings.h>
| #endif
| #if HAVE_INTTYPES_H
| # include <inttypes.h>
| #else
| # if HAVE_STDINT_H
| #  include <stdint.h>
| # endif
| #endif
| #if HAVE_UNISTD_H
| # include <unistd.h>
| #endif
| #include <tiffio.h>
configure:20088: result: no
configure:20092: checking tiffio.h presence
configure:20102: gcc -E  conftest.c
conftest.c:26:20: error: tiffio.h: No such file or directory
configure:20108: $? = 1
configure: failed program was:
| /* confdefs.h.  */
| 
| #define PACKAGE_NAME ""
| #define PACKAGE_TARNAME ""
| #define PACKAGE_VERSION ""
| #define PACKAGE_STRING ""
| #define PACKAGE_BUGREPORT ""
| #define STDC_HEADERS 1
| #define HAVE_SYS_TYPES_H 1
| #define HAVE_SYS_STAT_H 1
| #define HAVE_STDLIB_H 1
| #define HAVE_STRING_H 1
| #define HAVE_MEMORY_H 1
| #define HAVE_STRINGS_H 1
| #define HAVE_INTTYPES_H 1
| #define HAVE_STDINT_H 1
| #define HAVE_UNISTD_H 1
| #define HAVE_DLFCN_H 1
| #ifdef __cplusplus
| extern "C" void std::exit (int) throw (); using std::exit;
| #endif
| #define _NO_PYTHON 1
| #define _NO_LIBUNGIF 1
| #define _NO_LIBTIFF 1
| /* end confdefs.h.  */
| #include <tiffio.h>
configure:20128: result: no
configure:20163: checking for tiffio.h
configure:20170: result: no
configure:20261: checking for xmlParseFile in -lxml2
configure:20291: gcc -o conftest -g -O2 -D_NO_LIBJPEG=1 -D_NO_FREETYPE=1 -D_NO_LIBXML=1 -D_NO_LIBPNG=1 -D_NO_LIBUNINAMESLIST=1 -DFONTFORGE_CONFIG_NO_WINDOWING_UI=1 -DLUA_FF_LIB=1 -UHAVE_LIBINTL_H  -I/usr/include/freetype2/ -I/usr/include/libxml2/   -L/usr/local/lib conftest.c -lxml2  -ldl  >&5
configure:20297: $? = 0
configure:20301: test -z 
			 || test ! -s conftest.err
configure:20304: $? = 0
configure:20307: test -s conftest
configure:20310: $? = 0
configure:20323: result: yes
configure:20503: checking langinfo.h usability
configure:20515: gcc -c -g -O2 -D_NO_LIBJPEG=1 -D_NO_FREETYPE=1 -D_NO_LIBXML=1 -D_NO_LIBPNG=1 -D_NO_LIBUNINAMESLIST=1 -DFONTFORGE_CONFIG_NO_WINDOWING_UI=1 -DLUA_FF_LIB=1 -UHAVE_LIBINTL_H  -I/usr/include/freetype2/ -I/usr/include/libxml2/  conftest.c >&5
configure:20521: $? = 0
configure:20525: test -z 
			 || test ! -s conftest.err
configure:20528: $? = 0
configure:20531: test -s conftest.o
configure:20534: $? = 0
configure:20544: result: yes
configure:20548: checking langinfo.h presence
configure:20558: gcc -E  conftest.c
configure:20564: $? = 0
configure:20584: result: yes
configure:20619: checking for langinfo.h
configure:20626: result: yes
configure:20655: checking ieeefp.h usability
configure:20667: gcc -c -g -O2 -D_NO_LIBJPEG=1 -D_NO_FREETYPE=1 -D_NO_LIBXML=1 -D_NO_LIBPNG=1 -D_NO_LIBUNINAMESLIST=1 -DFONTFORGE_CONFIG_NO_WINDOWING_UI=1 -DLUA_FF_LIB=1 -UHAVE_LIBINTL_H  -I/usr/include/freetype2/ -I/usr/include/libxml2/  conftest.c >&5
conftest.c:62:20: error: ieeefp.h: No such file or directory
configure:20673: $? = 1
configure: failed program was:
| /* confdefs.h.  */
| 
| #define PACKAGE_NAME ""
| #define PACKAGE_TARNAME ""
| #define PACKAGE_VERSION ""
| #define PACKAGE_STRING ""
| #define PACKAGE_BUGREPORT ""
| #define STDC_HEADERS 1
| #define HAVE_SYS_TYPES_H 1
| #define HAVE_SYS_STAT_H 1
| #define HAVE_STDLIB_H 1
| #define HAVE_STRING_H 1
| #define HAVE_MEMORY_H 1
| #define HAVE_STRINGS_H 1
| #define HAVE_INTTYPES_H 1
| #define HAVE_STDINT_H 1
| #define HAVE_UNISTD_H 1
| #define HAVE_DLFCN_H 1
| #ifdef __cplusplus
| extern "C" void std::exit (int) throw (); using std::exit;
| #endif
| #define _NO_PYTHON 1
| #define _NO_LIBUNGIF 1
| #define _NO_LIBTIFF 1
| #define _NO_LIBTIFF 1
| #define HAVE_LANGINFO_H 1
| /* end confdefs.h.  */
| #include <stdio.h>
| #if HAVE_SYS_TYPES_H
| # include <sys/types.h>
| #endif
| #if HAVE_SYS_STAT_H
| # include <sys/stat.h>
| #endif
| #if STDC_HEADERS
| # include <stdlib.h>
| # include <stddef.h>
| #else
| # if HAVE_STDLIB_H
| #  include <stdlib.h>
| # endif
| #endif
| #if HAVE_STRING_H
| # if !STDC_HEADERS && HAVE_MEMORY_H
| #  include <memory.h>
| # endif
| # include <string.h>
| #endif
| #if HAVE_STRINGS_H
| # include <strings.h>
| #endif
| #if HAVE_INTTYPES_H
| # include <inttypes.h>
| #else
| # if HAVE_STDINT_H
| #  include <stdint.h>
| # endif
| #endif
| #if HAVE_UNISTD_H
| # include <unistd.h>
| #endif
| #include <ieeefp.h>
configure:20696: result: no
configure:20700: checking ieeefp.h presence
configure:20710: gcc -E  conftest.c
conftest.c:28:20: error: ieeefp.h: No such file or directory
configure:20716: $? = 1
configure: failed program was:
| /* confdefs.h.  */
| 
| #define PACKAGE_NAME ""
| #define PACKAGE_TARNAME ""
| #define PACKAGE_VERSION ""
| #define PACKAGE_STRING ""
| #define PACKAGE_BUGREPORT ""
| #define STDC_HEADERS 1
| #define HAVE_SYS_TYPES_H 1
| #define HAVE_SYS_STAT_H 1
| #define HAVE_STDLIB_H 1
| #define HAVE_STRING_H 1
| #define HAVE_MEMORY_H 1
| #define HAVE_STRINGS_H 1
| #define HAVE_INTTYPES_H 1
| #define HAVE_STDINT_H 1
| #define HAVE_UNISTD_H 1
| #define HAVE_DLFCN_H 1
| #ifdef __cplusplus
| extern "C" void std::exit (int) throw (); using std::exit;
| #endif
| #define _NO_PYTHON 1
| #define _NO_LIBUNGIF 1
| #define _NO_LIBTIFF 1
| #define _NO_LIBTIFF 1
| #define HAVE_LANGINFO_H 1
| /* end confdefs.h.  */
| #include <ieeefp.h>
configure:20736: result: no
configure:20771: checking for ieeefp.h
configure:20778: result: no
configure:20798: checking for stdint.h
configure:20803: result: yes
configure:20945: checking for FT_New_Memory_Face in -lfreetype
configure:20975: gcc -o conftest -g -O2 -D_NO_LIBJPEG=1 -D_NO_FREETYPE=1 -D_NO_LIBXML=1 -D_NO_LIBPNG=1 -D_NO_LIBUNINAMESLIST=1 -DFONTFORGE_CONFIG_NO_WINDOWING_UI=1 -DLUA_FF_LIB=1 -UHAVE_LIBINTL_H  -I/usr/include/freetype2/ -I/usr/include/libxml2/   -L/usr/local/lib conftest.c -lfreetype  -ldl  >&5
configure:20981: $? = 0
configure:20985: test -z 
			 || test ! -s conftest.err
configure:20988: $? = 0
configure:20991: test -s conftest
configure:20994: $? = 0
configure:21007: result: yes
configure:21112: checking for TT_RunIns in -lfreetype
configure:21142: gcc -o conftest -g -O2 -D_NO_LIBJPEG=1 -D_NO_FREETYPE=1 -D_NO_LIBXML=1 -D_NO_LIBPNG=1 -D_NO_LIBUNINAMESLIST=1 -DFONTFORGE_CONFIG_NO_WINDOWING_UI=1 -DLUA_FF_LIB=1 -UHAVE_LIBINTL_H  -I/usr/include/freetype2/ -I/usr/include/libxml2/   -L/usr/local/lib conftest.c -lfreetype  -ldl  >&5
configure:21148: $? = 0
configure:21152: test -z 
			 || test ! -s conftest.err
configure:21155: $? = 0
configure:21158: test -s conftest
configure:21161: $? = 0
configure:21174: result: yes
configure:21186: checking for pthread_create in -lpthread
configure:21216: gcc -o conftest -g -O2 -D_NO_LIBJPEG=1 -D_NO_FREETYPE=1 -D_NO_LIBXML=1 -D_NO_LIBPNG=1 -D_NO_LIBUNINAMESLIST=1 -DFONTFORGE_CONFIG_NO_WINDOWING_UI=1 -DLUA_FF_LIB=1 -UHAVE_LIBINTL_H  -I/usr/include/freetype2/ -I/usr/include/libxml2/   -L/usr/local/lib conftest.c -lpthread  -ldl  >&5
configure:21222: $? = 0
configure:21226: test -z 
			 || test ! -s conftest.err
configure:21229: $? = 0
configure:21232: test -s conftest
configure:21235: $? = 0
configure:21248: result: yes
configure:21321: checking for snprintf
configure:21378: gcc -o conftest -g -O2 -D_NO_LIBJPEG=1 -D_NO_FREETYPE=1 -D_NO_LIBXML=1 -D_NO_LIBPNG=1 -D_NO_LIBUNINAMESLIST=1 -DFONTFORGE_CONFIG_NO_WINDOWING_UI=1 -DLUA_FF_LIB=1 -UHAVE_LIBINTL_H  -I/usr/include/freetype2/ -I/usr/include/libxml2/   -L/usr/local/lib conftest.c -ldl  -lpthread >&5
conftest.c:53: warning: conflicting types for built-in function 'snprintf'
configure:21384: $? = 0
configure:21388: test -z 
			 || test ! -s conftest.err
configure:21391: $? = 0
configure:21394: test -s conftest
configure:21397: $? = 0
configure:21409: result: yes
configure:21421: checking for an ANSI C-conforming const
configure:21488: gcc -c -g -O2 -D_NO_LIBJPEG=1 -D_NO_FREETYPE=1 -D_NO_LIBXML=1 -D_NO_LIBPNG=1 -D_NO_LIBUNINAMESLIST=1 -DFONTFORGE_CONFIG_NO_WINDOWING_UI=1 -DLUA_FF_LIB=1 -UHAVE_LIBINTL_H  -I/usr/include/freetype2/ -I/usr/include/libxml2/  conftest.c >&5
configure:21494: $? = 0
configure:21498: test -z 
			 || test ! -s conftest.err
configure:21501: $? = 0
configure:21504: test -s conftest.o
configure:21507: $? = 0
configure:21518: result: yes
configure:21528: checking for X
configure:21748: result: disabled
configure:23071: checking for working long double with more range or precision than double
configure:23097: gcc -c -g -O2 -D_NO_LIBJPEG=1 -D_NO_FREETYPE=1 -D_NO_LIBXML=1 -D_NO_LIBPNG=1 -D_NO_LIBUNINAMESLIST=1 -DFONTFORGE_CONFIG_NO_WINDOWING_UI=1 -DLUA_FF_LIB=1 -UHAVE_LIBINTL_H  -I/usr/include/freetype2/ -I/usr/include/libxml2/  conftest.c >&5
configure:23103: $? = 0
configure:23107: test -z 
			 || test ! -s conftest.err
configure:23110: $? = 0
configure:23113: test -s conftest.o
configure:23116: $? = 0
configure:23127: result: yes
configure:23154: gcc -c -g -O2 -D_NO_LIBJPEG=1 -D_NO_FREETYPE=1 -D_NO_LIBXML=1 -D_NO_LIBPNG=1 -D_NO_LIBUNINAMESLIST=1 -DFONTFORGE_CONFIG_NO_WINDOWING_UI=1 -DLUA_FF_LIB=1 -UHAVE_LIBINTL_H  -I/usr/include/freetype2/ -I/usr/include/libxml2/  conftest.c >&5
conftest.c: In function 'main':
conftest.c:35: warning: integer constant is too large for 'long' type
configure:23160: $? = 0
configure:23164: test -z 
			 || test ! -s conftest.err
configure:23167: $? = 0
configure:23170: test -s conftest.o
configure:23173: $? = 0
configure:23204: checking libintl.h usability
configure:23216: gcc -c -g -O2 -D_NO_LIBJPEG=1 -D_NO_FREETYPE=1 -D_NO_LIBXML=1 -D_NO_LIBPNG=1 -D_NO_LIBUNINAMESLIST=1 -DFONTFORGE_CONFIG_NO_WINDOWING_UI=1 -DLUA_FF_LIB=1 -UHAVE_LIBINTL_H  -I/usr/include/freetype2/ -I/usr/include/libxml2/  conftest.c >&5
configure:23222: $? = 0
configure:23226: test -z 
			 || test ! -s conftest.err
configure:23229: $? = 0
configure:23232: test -s conftest.o
configure:23235: $? = 0
configure:23245: result: yes
configure:23249: checking libintl.h presence
configure:23259: gcc -E  conftest.c
configure:23265: $? = 0
configure:23285: result: yes
configure:23320: checking for libintl.h
configure:23327: result: yes
configure:23367: gcc -o conftest -g -O2 -D_NO_LIBJPEG=1 -D_NO_FREETYPE=1 -D_NO_LIBXML=1 -D_NO_LIBPNG=1 -D_NO_LIBUNINAMESLIST=1 -DFONTFORGE_CONFIG_NO_WINDOWING_UI=1 -DLUA_FF_LIB=1 -UHAVE_LIBINTL_H  -I/usr/include/freetype2/ -I/usr/include/libxml2/   -L/usr/local/lib conftest.c -ldl  -lpthread >&5
configure:23373: $? = 0
configure:23377: test -z 
			 || test ! -s conftest.err
configure:23380: $? = 0
configure:23383: test -s conftest
configure:23386: $? = 0
configure:23524: checking for UnicodeNameAnnot in -luninameslist
configure:23554: gcc -o conftest -g -O2 -D_NO_LIBJPEG=1 -D_NO_FREETYPE=1 -D_NO_LIBXML=1 -D_NO_LIBPNG=1 -D_NO_LIBUNINAMESLIST=1 -DFONTFORGE_CONFIG_NO_WINDOWING_UI=1 -DLUA_FF_LIB=1 -UHAVE_LIBINTL_H  -I/usr/include/freetype2/ -I/usr/include/libxml2/   -L/usr/local/lib conftest.c -luninameslist  -ldl  -lpthread >&5
configure:23560: $? = 0
configure:23564: test -z 
			 || test ! -s conftest.err
configure:23567: $? = 0
configure:23570: test -s conftest
configure:23573: $? = 0
configure:23586: result: yes
configure:24623: creating ./config.status

## ---------------------- ##
## Running config.status. ##
## ---------------------- ##

This file was extended by config.status, which was
generated by GNU Autoconf 2.59.  Invocation command line was

  CONFIG_FILES    = 
  CONFIG_HEADERS  = 
  CONFIG_LINKS    = 
  CONFIG_COMMANDS = 
  $ ./config.status 

on glenlivet.elvenkind.com

config.status:682: creating Makefile
config.status:682: creating Unicode/Makefile
config.status:682: creating gdraw/Makefile
config.status:682: creating fontforge/Makefile
config.status:682: creating po/Makefile
config.status:682: creating plugins/Makefile
config.status:682: creating systemspecific
config.status:682: creating fontforge.pc

## ---------------- ##
## Cache variables. ##
## ---------------- ##

ac_cv_build=i686-pc-linux-gnu
ac_cv_build_alias=i686-pc-linux-gnu
ac_cv_c_bigendian=no
ac_cv_c_compiler_gnu=yes
ac_cv_c_const=yes
ac_cv_c_long_double=yes
ac_cv_cxx_compiler_gnu=yes
ac_cv_env_CC_set=
ac_cv_env_CC_value=
ac_cv_env_CFLAGS_set=set
ac_cv_env_CFLAGS_value='-g -O2 -D_NO_LIBJPEG=1 -D_NO_FREETYPE=1 -D_NO_LIBXML=1 -D_NO_LIBPNG=1 -D_NO_LIBUNINAMESLIST=1 -DFONTFORGE_CONFIG_NO_WINDOWING_UI=1 -DLUA_FF_LIB=1 -UHAVE_LIBINTL_H '
ac_cv_env_CPPFLAGS_set=
ac_cv_env_CPPFLAGS_value=
ac_cv_env_CPP_set=
ac_cv_env_CPP_value=
ac_cv_env_CXXCPP_set=
ac_cv_env_CXXCPP_value=
ac_cv_env_CXXFLAGS_set=
ac_cv_env_CXXFLAGS_value=
ac_cv_env_CXX_set=
ac_cv_env_CXX_value=
ac_cv_env_F77_set=
ac_cv_env_F77_value=
ac_cv_env_FFLAGS_set=
ac_cv_env_FFLAGS_value=
ac_cv_env_LDFLAGS_set=
ac_cv_env_LDFLAGS_value=
ac_cv_env_build_alias_set=
ac_cv_env_build_alias_value=
ac_cv_env_host_alias_set=
ac_cv_env_host_alias_value=
ac_cv_env_target_alias_set=
ac_cv_env_target_alias_value=
ac_cv_exeext=
ac_cv_f77_compiler_gnu=no
ac_cv_file__usr_include_freetype2=yes
ac_cv_file__usr_include_libxml2_libxml=yes
ac_cv_func_snprintf=yes
ac_cv_func_tzset=yes
ac_cv_header_dlfcn_h=yes
ac_cv_header_ieeefp_h=no
ac_cv_header_inttypes_h=yes
ac_cv_header_jpeglib_h=yes
ac_cv_header_langinfo_h=yes
ac_cv_header_libintl_h=yes
ac_cv_header_memory_h=yes
ac_cv_header_png_h=yes
ac_cv_header_stdc=yes
ac_cv_header_stdint_h=yes
ac_cv_header_stdlib_h=yes
ac_cv_header_string_h=yes
ac_cv_header_strings_h=yes
ac_cv_header_sys_stat_h=yes
ac_cv_header_sys_types_h=yes
ac_cv_header_tiffio_h=no
ac_cv_header_unistd_h=yes
ac_cv_host=i686-pc-linux-gnu
ac_cv_host_alias=i686-pc-linux-gnu
ac_cv_lib_freetype_FT_New_Memory_Face=yes
ac_cv_lib_freetype_TT_RunIns=yes
ac_cv_lib_gif_DGifOpenFileName=no
ac_cv_lib_jpeg_jpeg_CreateDecompress=yes
ac_cv_lib_png_png_create_read_struct=yes
ac_cv_lib_pthread_pthread_create=yes
ac_cv_lib_tiff_TIFFOpen=no
ac_cv_lib_ungif_DGifOpenFileName=no
ac_cv_lib_uninameslist_UnicodeNameAnnot=yes
ac_cv_lib_xml2_xmlParseFile=yes
ac_cv_lib_z_deflateEnd=yes
ac_cv_objext=o
ac_cv_path_install='/usr/bin/install -c'
ac_cv_prog_CPP='gcc -E'
ac_cv_prog_CXXCPP='g++ -E'
ac_cv_prog_ac_ct_AR=ar
ac_cv_prog_ac_ct_CC=gcc
ac_cv_prog_ac_ct_CXX=g++
ac_cv_prog_ac_ct_RANLIB=ranlib
ac_cv_prog_ac_ct_STRIP=strip
ac_cv_prog_cc_g=yes
ac_cv_prog_cc_stdc=
ac_cv_prog_cxx_g=yes
ac_cv_prog_egrep='grep -E'
ac_cv_prog_f77_g=no
ac_cv_search_dlopen=-ldl
ac_cv_search_inet_aton='none required'
lt_cv_deplibs_check_method=pass_all
lt_cv_file_magic_cmd='$MAGIC_CMD'
lt_cv_file_magic_test_file=
lt_cv_ld_reload_flag=-r
lt_cv_objdir=.libs
lt_cv_path_LD=/usr/bin/ld
lt_cv_path_LDCXX=/usr/bin/ld
lt_cv_path_NM='/usr/bin/nm -B'
lt_cv_path_SED=/bin/sed
lt_cv_prog_compiler_c_o=yes
lt_cv_prog_compiler_c_o_CXX=yes
lt_cv_prog_compiler_rtti_exceptions=no
lt_cv_prog_gnu_ld=yes
lt_cv_prog_gnu_ldcxx=yes
lt_cv_sys_global_symbol_pipe='sed -n -e '\''s/^.*[ 	]\([ABCDGIRSTW][ABCDGIRSTW]*\)[ 	][ 	]*\([_A-Za-z][_A-Za-z0-9]*\)$/\1 \2 \2/p'\'''
lt_cv_sys_global_symbol_to_c_name_address='sed -n -e '\''s/^: \([^ ]*\) $/  {\"\1\", (lt_ptr) 0},/p'\'' -e '\''s/^[BCDEGRST] \([^ ]*\) \([^ ]*\)$/  {"\2", (lt_ptr) \&\2},/p'\'''
lt_cv_sys_global_symbol_to_cdecl='sed -n -e '\''s/^. .* \(.*\)$/extern int \1;/p'\'''
lt_cv_sys_max_cmd_len=32768
lt_lt_cv_prog_compiler_c_o='"yes"'
lt_lt_cv_prog_compiler_c_o_CXX='"yes"'
lt_lt_cv_sys_global_symbol_pipe='"sed -n -e '\''s/^.*[ 	]\\([ABCDGIRSTW][ABCDGIRSTW]*\\)[ 	][ 	]*\\([_A-Za-z][_A-Za-z0-9]*\\)\$/\\1 \\2 \\2/p'\''"'
lt_lt_cv_sys_global_symbol_to_c_name_address='"sed -n -e '\''s/^: \\([^ ]*\\) \$/  {\\\"\\1\\\", (lt_ptr) 0},/p'\'' -e '\''s/^[BCDEGRST] \\([^ ]*\\) \\([^ ]*\\)\$/  {\"\\2\", (lt_ptr) \\&\\2},/p'\''"'
lt_lt_cv_sys_global_symbol_to_cdecl='"sed -n -e '\''s/^. .* \\(.*\\)\$/extern int \\1;/p'\''"'

## ----------------- ##
## Output variables. ##
## ----------------- ##

AR='ar'
CC='gcc'
CFLAGS='-g -O2 -D_NO_LIBJPEG=1 -D_NO_FREETYPE=1 -D_NO_LIBXML=1 -D_NO_LIBPNG=1 -D_NO_LIBUNINAMESLIST=1 -DFONTFORGE_CONFIG_NO_WINDOWING_UI=1 -DLUA_FF_LIB=1 -UHAVE_LIBINTL_H  -I/usr/include/freetype2/ -I/usr/include/libxml2/'
CPP='gcc -E'
CPPFLAGS=''
CXX='g++'
CXXCPP='g++ -E'
CXXFLAGS='-g -O2'
DEFS='-DPACKAGE_NAME=\"\" -DPACKAGE_TARNAME=\"\" -DPACKAGE_VERSION=\"\" -DPACKAGE_STRING=\"\" -DPACKAGE_BUGREPORT=\"\" -DSTDC_HEADERS=1 -DHAVE_SYS_TYPES_H=1 -DHAVE_SYS_STAT_H=1 -DHAVE_STDLIB_H=1 -DHAVE_STRING_H=1 -DHAVE_MEMORY_H=1 -DHAVE_STRINGS_H=1 -DHAVE_INTTYPES_H=1 -DHAVE_STDINT_H=1 -DHAVE_UNISTD_H=1 -DHAVE_DLFCN_H=1 -D_NO_PYTHON=1 -D_NO_LIBUNGIF=1 -D_NO_LIBTIFF=1 -D_NO_LIBTIFF=1 -DHAVE_LANGINFO_H=1 -DHAVE_STDINT_H=1 -DX_DISPLAY_MISSING=1 -DHAVE_LONG_DOUBLE=1 -D_HAS_LONGLONG=1 -DHAVE_LIBINTL_H=1 -D_STATIC_LIBINTL=1 -DNODYNAMIC=1 -D_STATIC_LIBUNINAMESLIST=1 '
ECHO='echo'
ECHO_C=''
ECHO_N='-n'
ECHO_T=''
EGREP='grep -E'
EXEEXT=''
F77=''
FFLAGS=''
FF_EXTRA_FILES=''
HOST='i686-pc-linux-gnu'
INSTALL_DATA='${INSTALL} -m 644'
INSTALL_PROGRAM='${INSTALL}'
INSTALL_SCRIPT='${INSTALL}'
LDFLAGS=' -L/usr/local/lib'
LIBOBJS=''
LIBS='-ldl  -lpthread'
LIBTOOL='$(SHELL) $(top_builddir)/libtool'
LN_S='ln -s'
LTLIBOBJS=''
OBJEXT='o'
PACKAGE_BUGREPORT=''
PACKAGE_NAME=''
PACKAGE_STRING=''
PACKAGE_TARNAME=''
PACKAGE_VERSION=''
PATH_SEPARATOR=':'
RANLIB='ranlib'
SHELL='/bin/sh'
STATIC_LIBS=' -lpng -lz -ljpeg -lfreetype -lxml2 -luninameslist'
STRIP='strip'
VERSION='20070607'
WFLAGS='-Wmissing-prototypes -Wunused -Wimplicit -Wreturn-type -Wparentheses -Wformat -Wchar-subscripts'
X_11LIB=''
X_CFLAGS=''
X_EXTRA_LIBS=''
X_LIBS=''
X_PRE_LIBS=''
ac_ct_AR='ar'
ac_ct_CC='gcc'
ac_ct_CXX='g++'
ac_ct_F77=''
ac_ct_RANLIB='ranlib'
ac_ct_STRIP='strip'
bindir='${exec_prefix}/bin'
build='i686-pc-linux-gnu'
build_alias=''
build_cpu='i686'
build_os='linux-gnu'
build_vendor='pc'
datadir='${prefix}/share'
exec_prefix='${prefix}'
host='i686-pc-linux-gnu'
host_alias=''
host_cpu='i686'
host_os='linux-gnu'
host_vendor='pc'
includedir='${prefix}/include'
infodir='${prefix}/info'
libdir='${exec_prefix}/lib'
libexecdir='${exec_prefix}/libexec'
localstatedir='${prefix}/var'
mandir='${prefix}/man'
oldincludedir='/usr/include'
prefix='/usr/local'
program_transform_name='s,x,x,'
sbindir='${exec_prefix}/sbin'
sharedstatedir='${prefix}/com'
sysconfdir='${prefix}/etc'
target_alias=''

## ----------- ##
## confdefs.h. ##
## ----------- ##

#define HAVE_DLFCN_H 1
#define HAVE_INTTYPES_H 1
#define HAVE_LANGINFO_H 1
#define HAVE_LIBINTL_H 1
#define HAVE_LONG_DOUBLE 1
#define HAVE_MEMORY_H 1
#define HAVE_STDINT_H 1
#define HAVE_STDINT_H 1
#define HAVE_STDLIB_H 1
#define HAVE_STRINGS_H 1
#define HAVE_STRING_H 1
#define HAVE_SYS_STAT_H 1
#define HAVE_SYS_TYPES_H 1
#define HAVE_UNISTD_H 1
#define NODYNAMIC 1
#define PACKAGE_BUGREPORT ""
#define PACKAGE_NAME ""
#define PACKAGE_STRING ""
#define PACKAGE_TARNAME ""
#define PACKAGE_VERSION ""
#define STDC_HEADERS 1
#define X_DISPLAY_MISSING 1
#define _HAS_LONGLONG 1
#define _NO_LIBTIFF 1
#define _NO_LIBTIFF 1
#define _NO_LIBUNGIF 1
#define _NO_PYTHON 1
#define _STATIC_LIBINTL  1
#define _STATIC_LIBUNINAMESLIST 1
#endif
#ifdef __cplusplus
extern "C" void std::exit (int) throw (); using std::exit;

configure: exit 0
