This file contains any messages produced by compilers while
running configure, to aid debugging if configure makes a mistake.

It was created by configure, which was
generated by GNU Autoconf 2.59.  Invocation command line was

  $ ./configure --disable-builddir --disable-shared

## --------- ##
## Platform. ##
## --------- ##

hostname = glenlivet.elvenkind.com
uname -m = i686
uname -r = 2.6.12-12mdk
uname -s = Linux
uname -v = #1 Fri Sep 9 18:15:22 CEST 2005

/usr/bin/uname -p = unknown
/bin/uname -X     = unknown

/bin/arch              = i686
/usr/bin/arch -k       = unknown
/usr/convex/getsysinfo = unknown
hostinfo               = unknown
/bin/machine           = unknown
/usr/bin/oslevel       = unknown
/bin/universe          = unknown

PATH: /opt/tex/bin.local
PATH: /opt/tex/teTeX/bin/linux
PATH: /usr/local/bin
PATH: /bin
PATH: /usr/bin
PATH: /usr/X11R6/bin
PATH: /usr/games
PATH: /usr/lib/jre-1.4.2_09/bin
PATH: /home/taco/bin


## ----------- ##
## Core tests. ##
## ----------- ##

configure:1562: checking build system type
configure:1580: result: i686-pc-linux
configure:1588: checking host system type
configure:1602: result: i686-pc-linux
configure:1610: checking target system type
configure:1624: result: i686-pc-linux
configure:1649: toplevel srcdir already configured... skipping subdir build
configure:1711: checking for gsed
configure:1742: result: sed
configure:1755: checking default prefix path
configure:1777: result: /usr/local 
configure:1781: checking default prefix system
configure:1838: result: is /local-package
configure:1855: result: ...using thread-safe linkage
configure:1862: checking zlib install prefix
configure:1885: result: none
configure:1922: checking rpm spec file
configure:1961: result: zziplib.spec
configure:1971: checking for spec package
configure:2005: result: zziplib 
configure:2008: checking for spec version
configure:2048: result: 0.13.47 
configure:2051: checking for spec license type
configure:2111: result: GNU LGPL (fallback)
configure:2114: checking for spec summary
configure:2147: result: ZZipLib - libZ-based ZIP-access Library 
configure:2150: checking for spec category
configure:2184: result: Development/Libraries 
configure:2187: checking for spec icon
configure:2217: result: zziplib-icon.png (fallback)
configure:2235: checking for a BSD-compatible install
configure:2290: result: /usr/bin/install -c
configure:2301: checking whether build environment is sane
configure:2344: result: yes
configure:2409: checking for gawk
configure:2425: found /bin/gawk
configure:2435: result: gawk
configure:2445: checking whether make sets $(MAKE)
configure:2465: result: yes
configure:2679: checking for gcc
configure:2695: found /usr/bin/gcc
configure:2705: result: gcc
configure:2949: checking for C compiler version
configure:2952: gcc --version </dev/null >&5
gcc (GCC) 4.0.1 (4.0.1-5mdk for Mandriva Linux release 2006.0)
Copyright (C) 2005 Free Software Foundation, Inc.
This is free software; see the source for copying conditions.  There is NO
warranty; not even for MERCHANTABILITY or FITNESS FOR A PARTICULAR PURPOSE.

configure:2955: $? = 0
configure:2957: gcc -v </dev/null >&5
Using built-in specs.
Target: i586-mandriva-linux-gnu
Configured with: ../configure --prefix=/usr --libexecdir=/usr/lib --with-slibdir=/lib --mandir=/usr/share/man --infodir=/usr/share/info --enable-shared --enable-threads=posix --disable-checking --enable-languages=c,c++,ada,f95,objc,java --host=i586-mandriva-linux-gnu --with-system-zlib --enable-long-long --enable-__cxa_atexit --enable-clocale=gnu --disable-libunwind-exceptions --enable-java-awt=gtk --with-java-home=/usr/lib/jvm/java-1.4.2-gcj-1.4.2.0/jre --enable-gtk-cairo --disable-libjava-multilib
Thread model: posix
gcc version 4.0.1 (4.0.1-5mdk for Mandriva Linux release 2006.0)
configure:2960: $? = 0
configure:2962: gcc -V </dev/null >&5
gcc: '-V' option must have argument
configure:2965: $? = 1
configure:2988: checking for C compiler default output file name
configure:2991: gcc  -I/home/taco/luatex-dev/luatex/src/libs/zziplib/../zlib  conftest.c  >&5
configure:2994: $? = 0
configure:3040: result: a.out
configure:3045: checking whether the C compiler works
configure:3051: ./a.out
configure:3054: $? = 0
configure:3071: result: yes
configure:3078: checking whether we are cross compiling
configure:3080: result: no
configure:3083: checking for suffix of executables
configure:3085: gcc -o conftest  -I/home/taco/luatex-dev/luatex/src/libs/zziplib/../zlib  conftest.c  >&5
configure:3088: $? = 0
configure:3113: result: 
configure:3119: checking for suffix of object files
configure:3140: gcc -c  -I/home/taco/luatex-dev/luatex/src/libs/zziplib/../zlib conftest.c >&5
configure:3143: $? = 0
configure:3165: result: o
configure:3169: checking whether we are using the GNU C compiler
configure:3193: gcc -c  -I/home/taco/luatex-dev/luatex/src/libs/zziplib/../zlib conftest.c >&5
configure:3199: $? = 0
configure:3203: test -z 
			 || test ! -s conftest.err
configure:3206: $? = 0
configure:3209: test -s conftest.o
configure:3212: $? = 0
configure:3225: result: yes
configure:3231: checking whether gcc accepts -g
configure:3252: gcc -c -g -I/home/taco/luatex-dev/luatex/src/libs/zziplib/../zlib conftest.c >&5
configure:3258: $? = 0
configure:3262: test -z 
			 || test ! -s conftest.err
configure:3265: $? = 0
configure:3268: test -s conftest.o
configure:3271: $? = 0
configure:3282: result: yes
configure:3299: checking for gcc option to accept ANSI C
configure:3369: gcc  -c -g -O2 -I/home/taco/luatex-dev/luatex/src/libs/zziplib/../zlib conftest.c >&5
configure:3375: $? = 0
configure:3379: test -z 
			 || test ! -s conftest.err
configure:3382: $? = 0
configure:3385: test -s conftest.o
configure:3388: $? = 0
configure:3406: result: none needed
configure:3424: gcc -c -g -O2 -I/home/taco/luatex-dev/luatex/src/libs/zziplib/../zlib conftest.c >&5
conftest.c:2: error: syntax error before 'me'
configure:3430: $? = 1
configure: failed program was:
| #ifndef __cplusplus
|   choke me
| #endif
configure:3574: checking for style of include used by make
configure:3602: result: GNU
configure:3630: checking dependency style of gcc
configure:3720: result: gcc3
configure:3750: checking for a BSD-compatible install
configure:3805: result: /usr/bin/install -c
configure:3890: checking for a sed that does not truncate output
configure:3944: result: /bin/sed
configure:3947: checking for egrep
configure:3957: result: grep -E
configure:3973: checking for ld used by gcc
configure:4040: result: /usr/bin/ld
configure:4049: checking if the linker (/usr/bin/ld) is GNU ld
configure:4064: result: yes
configure:4069: checking for /usr/bin/ld option to reload object files
configure:4076: result: -r
configure:4094: checking for BSD-compatible nm
configure:4143: result: /usr/bin/nm -B
configure:4147: checking whether ln -s works
configure:4151: result: yes
configure:4158: checking how to recognise dependent libraries
configure:4334: result: pass_all
configure:4813: checking how to run the C preprocessor
configure:4848: gcc -E -I/home/taco/luatex-dev/luatex/src/libs/zziplib/../zlib conftest.c
configure:4854: $? = 0
configure:4886: gcc -E -I/home/taco/luatex-dev/luatex/src/libs/zziplib/../zlib conftest.c
conftest.c:11:28: error: ac_nonexistent.h: No such file or directory
configure:4892: $? = 1
configure: failed program was:
| /* confdefs.h.  */
| 
| #define PACKAGE_NAME ""
| #define PACKAGE_TARNAME ""
| #define PACKAGE_VERSION ""
| #define PACKAGE_STRING ""
| #define PACKAGE_BUGREPORT ""
| #define PACKAGE "zziplib"
| #define VERSION "0.13.47"
| /* end confdefs.h.  */
| #include <ac_nonexistent.h>
configure:4931: result: gcc -E
configure:4955: gcc -E -I/home/taco/luatex-dev/luatex/src/libs/zziplib/../zlib conftest.c
configure:4961: $? = 0
configure:4993: gcc -E -I/home/taco/luatex-dev/luatex/src/libs/zziplib/../zlib conftest.c
conftest.c:11:28: error: ac_nonexistent.h: No such file or directory
configure:4999: $? = 1
configure: failed program was:
| /* confdefs.h.  */
| 
| #define PACKAGE_NAME ""
| #define PACKAGE_TARNAME ""
| #define PACKAGE_VERSION ""
| #define PACKAGE_STRING ""
| #define PACKAGE_BUGREPORT ""
| #define PACKAGE "zziplib"
| #define VERSION "0.13.47"
| /* end confdefs.h.  */
| #include <ac_nonexistent.h>
configure:5043: checking for ANSI C header files
configure:5068: gcc -c -g -O2 -I/home/taco/luatex-dev/luatex/src/libs/zziplib/../zlib conftest.c >&5
configure:5074: $? = 0
configure:5078: test -z 
			 || test ! -s conftest.err
configure:5081: $? = 0
configure:5084: test -s conftest.o
configure:5087: $? = 0
configure:5176: gcc -o conftest -g -O2 -I/home/taco/luatex-dev/luatex/src/libs/zziplib/../zlib  conftest.c  >&5
conftest.c: In function 'main':
conftest.c:28: warning: incompatible implicit declaration of built-in function 'exit'
configure:5179: $? = 0
configure:5181: ./conftest
configure:5184: $? = 0
configure:5199: result: yes
configure:5223: checking for sys/types.h
configure:5239: gcc -c -g -O2 -I/home/taco/luatex-dev/luatex/src/libs/zziplib/../zlib conftest.c >&5
configure:5245: $? = 0
configure:5249: test -z 
			 || test ! -s conftest.err
configure:5252: $? = 0
configure:5255: test -s conftest.o
configure:5258: $? = 0
configure:5269: result: yes
configure:5223: checking for sys/stat.h
configure:5239: gcc -c -g -O2 -I/home/taco/luatex-dev/luatex/src/libs/zziplib/../zlib conftest.c >&5
configure:5245: $? = 0
configure:5249: test -z 
			 || test ! -s conftest.err
configure:5252: $? = 0
configure:5255: test -s conftest.o
configure:5258: $? = 0
configure:5269: result: yes
configure:5223: checking for stdlib.h
configure:5239: gcc -c -g -O2 -I/home/taco/luatex-dev/luatex/src/libs/zziplib/../zlib conftest.c >&5
configure:5245: $? = 0
configure:5249: test -z 
			 || test ! -s conftest.err
configure:5252: $? = 0
configure:5255: test -s conftest.o
configure:5258: $? = 0
configure:5269: result: yes
configure:5223: checking for string.h
configure:5239: gcc -c -g -O2 -I/home/taco/luatex-dev/luatex/src/libs/zziplib/../zlib conftest.c >&5
configure:5245: $? = 0
configure:5249: test -z 
			 || test ! -s conftest.err
configure:5252: $? = 0
configure:5255: test -s conftest.o
configure:5258: $? = 0
configure:5269: result: yes
configure:5223: checking for memory.h
configure:5239: gcc -c -g -O2 -I/home/taco/luatex-dev/luatex/src/libs/zziplib/../zlib conftest.c >&5
configure:5245: $? = 0
configure:5249: test -z 
			 || test ! -s conftest.err
configure:5252: $? = 0
configure:5255: test -s conftest.o
configure:5258: $? = 0
configure:5269: result: yes
configure:5223: checking for strings.h
configure:5239: gcc -c -g -O2 -I/home/taco/luatex-dev/luatex/src/libs/zziplib/../zlib conftest.c >&5
configure:5245: $? = 0
configure:5249: test -z 
			 || test ! -s conftest.err
configure:5252: $? = 0
configure:5255: test -s conftest.o
configure:5258: $? = 0
configure:5269: result: yes
configure:5223: checking for inttypes.h
configure:5239: gcc -c -g -O2 -I/home/taco/luatex-dev/luatex/src/libs/zziplib/../zlib conftest.c >&5
configure:5245: $? = 0
configure:5249: test -z 
			 || test ! -s conftest.err
configure:5252: $? = 0
configure:5255: test -s conftest.o
configure:5258: $? = 0
configure:5269: result: yes
configure:5223: checking for stdint.h
configure:5239: gcc -c -g -O2 -I/home/taco/luatex-dev/luatex/src/libs/zziplib/../zlib conftest.c >&5
configure:5245: $? = 0
configure:5249: test -z 
			 || test ! -s conftest.err
configure:5252: $? = 0
configure:5255: test -s conftest.o
configure:5258: $? = 0
configure:5269: result: yes
configure:5223: checking for unistd.h
configure:5239: gcc -c -g -O2 -I/home/taco/luatex-dev/luatex/src/libs/zziplib/../zlib conftest.c >&5
configure:5245: $? = 0
configure:5249: test -z 
			 || test ! -s conftest.err
configure:5252: $? = 0
configure:5255: test -s conftest.o
configure:5258: $? = 0
configure:5269: result: yes
configure:5295: checking dlfcn.h usability
configure:5307: gcc -c -g -O2 -I/home/taco/luatex-dev/luatex/src/libs/zziplib/../zlib conftest.c >&5
configure:5313: $? = 0
configure:5317: test -z 
			 || test ! -s conftest.err
configure:5320: $? = 0
configure:5323: test -s conftest.o
configure:5326: $? = 0
configure:5336: result: yes
configure:5340: checking dlfcn.h presence
configure:5350: gcc -E -I/home/taco/luatex-dev/luatex/src/libs/zziplib/../zlib conftest.c
configure:5356: $? = 0
configure:5376: result: yes
configure:5411: checking for dlfcn.h
configure:5418: result: yes
configure:5483: checking for g++
configure:5499: found /usr/bin/g++
configure:5509: result: g++
configure:5525: checking for C++ compiler version
configure:5528: g++ --version </dev/null >&5
g++ (GCC) 4.0.1 (4.0.1-5mdk for Mandriva Linux release 2006.0)
Copyright (C) 2005 Free Software Foundation, Inc.
This is free software; see the source for copying conditions.  There is NO
warranty; not even for MERCHANTABILITY or FITNESS FOR A PARTICULAR PURPOSE.

configure:5531: $? = 0
configure:5533: g++ -v </dev/null >&5
Using built-in specs.
Target: i586-mandriva-linux-gnu
Configured with: ../configure --prefix=/usr --libexecdir=/usr/lib --with-slibdir=/lib --mandir=/usr/share/man --infodir=/usr/share/info --enable-shared --enable-threads=posix --disable-checking --enable-languages=c,c++,ada,f95,objc,java --host=i586-mandriva-linux-gnu --with-system-zlib --enable-long-long --enable-__cxa_atexit --enable-clocale=gnu --disable-libunwind-exceptions --enable-java-awt=gtk --with-java-home=/usr/lib/jvm/java-1.4.2-gcj-1.4.2.0/jre --enable-gtk-cairo --disable-libjava-multilib
Thread model: posix
gcc version 4.0.1 (4.0.1-5mdk for Mandriva Linux release 2006.0)
configure:5536: $? = 0
configure:5538: g++ -V </dev/null >&5
g++: '-V' option must have argument
configure:5541: $? = 1
configure:5544: checking whether we are using the GNU C++ compiler
configure:5568: g++ -c  -I/home/taco/luatex-dev/luatex/src/libs/zziplib/../zlib conftest.cc >&5
configure:5574: $? = 0
configure:5578: test -z 
			 || test ! -s conftest.err
configure:5581: $? = 0
configure:5584: test -s conftest.o
configure:5587: $? = 0
configure:5600: result: yes
configure:5606: checking whether g++ accepts -g
configure:5627: g++ -c -g -I/home/taco/luatex-dev/luatex/src/libs/zziplib/../zlib conftest.cc >&5
configure:5633: $? = 0
configure:5637: test -z 
			 || test ! -s conftest.err
configure:5640: $? = 0
configure:5643: test -s conftest.o
configure:5646: $? = 0
configure:5657: result: yes
configure:5699: g++ -c -g -O2 -I/home/taco/luatex-dev/luatex/src/libs/zziplib/../zlib conftest.cc >&5
configure:5705: $? = 0
configure:5709: test -z 
			 || test ! -s conftest.err
configure:5712: $? = 0
configure:5715: test -s conftest.o
configure:5718: $? = 0
configure:5744: g++ -c -g -O2 -I/home/taco/luatex-dev/luatex/src/libs/zziplib/../zlib conftest.cc >&5
conftest.cc: In function 'int main()':
conftest.cc:26: error: 'exit' was not declared in this scope
configure:5750: $? = 1
configure: failed program was:
| /* confdefs.h.  */
| 
| #define PACKAGE_NAME ""
| #define PACKAGE_TARNAME ""
| #define PACKAGE_VERSION ""
| #define PACKAGE_STRING ""
| #define PACKAGE_BUGREPORT ""
| #define PACKAGE "zziplib"
| #define VERSION "0.13.47"
| #define STDC_HEADERS 1
| #define HAVE_SYS_TYPES_H 1
| #define HAVE_SYS_STAT_H 1
| #define HAVE_STDLIB_H 1
| #define HAVE_STRING_H 1
| #define HAVE_MEMORY_H 1
| #define HAVE_STRINGS_H 1
| #define HAVE_INTTYPES_H 1
| #define HAVE_STDINT_H 1
| #define HAVE_UNISTD_H 1
| #define HAVE_DLFCN_H 1
| /* end confdefs.h.  */
| 
| int
| main ()
| {
| exit (42);
|   ;
|   return 0;
| }
configure:5699: g++ -c -g -O2 -I/home/taco/luatex-dev/luatex/src/libs/zziplib/../zlib conftest.cc >&5
configure:5705: $? = 0
configure:5709: test -z 
			 || test ! -s conftest.err
configure:5712: $? = 0
configure:5715: test -s conftest.o
configure:5718: $? = 0
configure:5744: g++ -c -g -O2 -I/home/taco/luatex-dev/luatex/src/libs/zziplib/../zlib conftest.cc >&5
configure:5750: $? = 0
configure:5754: test -z 
			 || test ! -s conftest.err
configure:5757: $? = 0
configure:5760: test -s conftest.o
configure:5763: $? = 0
configure:5788: checking dependency style of g++
configure:5878: result: gcc3
configure:5905: checking how to run the C++ preprocessor
configure:5936: g++ -E -I/home/taco/luatex-dev/luatex/src/libs/zziplib/../zlib conftest.cc
configure:5942: $? = 0
configure:5974: g++ -E -I/home/taco/luatex-dev/luatex/src/libs/zziplib/../zlib conftest.cc
conftest.cc:25:28: error: ac_nonexistent.h: No such file or directory
configure:5980: $? = 1
configure: failed program was:
| /* confdefs.h.  */
| 
| #define PACKAGE_NAME ""
| #define PACKAGE_TARNAME ""
| #define PACKAGE_VERSION ""
| #define PACKAGE_STRING ""
| #define PACKAGE_BUGREPORT ""
| #define PACKAGE "zziplib"
| #define VERSION "0.13.47"
| #define STDC_HEADERS 1
| #define HAVE_SYS_TYPES_H 1
| #define HAVE_SYS_STAT_H 1
| #define HAVE_STDLIB_H 1
| #define HAVE_STRING_H 1
| #define HAVE_MEMORY_H 1
| #define HAVE_STRINGS_H 1
| #define HAVE_INTTYPES_H 1
| #define HAVE_STDINT_H 1
| #define HAVE_UNISTD_H 1
| #define HAVE_DLFCN_H 1
| #ifdef __cplusplus
| extern "C" void std::exit (int) throw (); using std::exit;
| #endif
| /* end confdefs.h.  */
| #include <ac_nonexistent.h>
configure:6019: result: g++ -E
configure:6043: g++ -E -I/home/taco/luatex-dev/luatex/src/libs/zziplib/../zlib conftest.cc
configure:6049: $? = 0
configure:6081: g++ -E -I/home/taco/luatex-dev/luatex/src/libs/zziplib/../zlib conftest.cc
conftest.cc:25:28: error: ac_nonexistent.h: No such file or directory
configure:6087: $? = 1
configure: failed program was:
| /* confdefs.h.  */
| 
| #define PACKAGE_NAME ""
| #define PACKAGE_TARNAME ""
| #define PACKAGE_VERSION ""
| #define PACKAGE_STRING ""
| #define PACKAGE_BUGREPORT ""
| #define PACKAGE "zziplib"
| #define VERSION "0.13.47"
| #define STDC_HEADERS 1
| #define HAVE_SYS_TYPES_H 1
| #define HAVE_SYS_STAT_H 1
| #define HAVE_STDLIB_H 1
| #define HAVE_STRING_H 1
| #define HAVE_MEMORY_H 1
| #define HAVE_STRINGS_H 1
| #define HAVE_INTTYPES_H 1
| #define HAVE_STDINT_H 1
| #define HAVE_UNISTD_H 1
| #define HAVE_DLFCN_H 1
| #ifdef __cplusplus
| extern "C" void std::exit (int) throw (); using std::exit;
| #endif
| /* end confdefs.h.  */
| #include <ac_nonexistent.h>
configure:6184: checking for g77
configure:6213: result: no
configure:6184: checking for f77
configure:6213: result: no
configure:6184: checking for xlf
configure:6213: result: no
configure:6184: checking for frt
configure:6213: result: no
configure:6184: checking for pgf77
configure:6213: result: no
configure:6184: checking for fort77
configure:6213: result: no
configure:6184: checking for fl32
configure:6213: result: no
configure:6184: checking for af77
configure:6213: result: no
configure:6184: checking for f90
configure:6213: result: no
configure:6184: checking for xlf90
configure:6213: result: no
configure:6184: checking for pgf90
configure:6213: result: no
configure:6184: checking for epcf90
configure:6213: result: no
configure:6184: checking for f95
configure:6213: result: no
configure:6184: checking for fort
configure:6213: result: no
configure:6184: checking for xlf95
configure:6213: result: no
configure:6184: checking for ifc
configure:6213: result: no
configure:6184: checking for efc
configure:6213: result: no
configure:6184: checking for pgf95
configure:6213: result: no
configure:6184: checking for lf95
configure:6213: result: no
configure:6184: checking for gfortran
configure:6213: result: no
configure:6225: checking for Fortran 77 compiler version
configure:6228:  --version </dev/null >&5
./configure: line 6229: --version: command not found
configure:6231: $? = 127
configure:6233:  -v </dev/null >&5
./configure: line 6234: -v: command not found
configure:6236: $? = 127
configure:6238:  -V </dev/null >&5
./configure: line 6239: -V: command not found
configure:6241: $? = 127
configure:6249: checking whether we are using the GNU Fortran 77 compiler
configure:6263:  -c  conftest.F >&5
./configure: line 6264: -c: command not found
configure:6269: $? = 127
configure: failed program was:
|       program main
| #ifndef __GNUC__
|        choke me
| #endif
| 
|       end
configure:6295: result: no
configure:6301: checking whether  accepts -g
configure:6313:  -c -g conftest.f >&5
./configure: line 6314: -c: command not found
configure:6319: $? = 127
configure: failed program was:
|       program main
| 
|       end
configure:6344: result: no
configure:6374: checking the maximum length of command line arguments
configure:6483: result: 32768
configure:6494: checking command to parse /usr/bin/nm -B output from gcc object
configure:6599: gcc -c -g -O2 -I/home/taco/luatex-dev/luatex/src/libs/zziplib/../zlib conftest.c >&5
configure:6602: $? = 0
configure:6606: /usr/bin/nm -B conftest.o \| sed -n -e 's/^.*[ 	]\([ABCDGIRSTW][ABCDGIRSTW]*\)[ 	][ 	]*\([_A-Za-z][_A-Za-z0-9]*\)$/\1 \2 \2/p' \> conftest.nm
configure:6609: $? = 0
configure:6661: gcc -o conftest -g -O2 -I/home/taco/luatex-dev/luatex/src/libs/zziplib/../zlib  conftest.c conftstm.o >&5
configure:6664: $? = 0
configure:6702: result: ok
configure:6706: checking for objdir
configure:6721: result: .libs
configure:6811: checking for ar
configure:6827: found /usr/bin/ar
configure:6838: result: ar
configure:6891: checking for ranlib
configure:6907: found /usr/bin/ranlib
configure:6918: result: ranlib
configure:6971: checking for strip
configure:6987: found /usr/bin/strip
configure:6998: result: strip
configure:7270: checking if gcc supports -fno-rtti -fno-exceptions
configure:7288: gcc -c -g -O2 -I/home/taco/luatex-dev/luatex/src/libs/zziplib/../zlib -fno-rtti -fno-exceptions conftest.c >&5
cc1: warning: command line option "-fno-rtti" is valid for C++/ObjC++ but not for C
configure:7292: $? = 0
configure:7305: result: no
configure:7320: checking for gcc option to produce PIC
configure:7530: result: -fPIC
configure:7538: checking if gcc PIC flag -fPIC works
configure:7556: gcc -c -g -O2 -I/home/taco/luatex-dev/luatex/src/libs/zziplib/../zlib -fPIC -DPIC conftest.c >&5
configure:7560: $? = 0
configure:7573: result: yes
configure:7601: checking if gcc static flag -static works
configure:7629: result: no
configure:7639: checking if gcc supports -c -o file.o
configure:7660: gcc -c -g -O2 -I/home/taco/luatex-dev/luatex/src/libs/zziplib/../zlib -o out/conftest2.o conftest.c >&5
configure:7664: $? = 0
configure:7686: result: yes
configure:7712: checking whether the gcc linker (/usr/bin/ld) supports shared libraries
configure:8670: result: yes
configure:8737: checking dynamic linker characteristics
configure:9325: result: GNU/Linux ld.so
configure:9334: checking how to hardcode library paths into programs
configure:9359: result: immediate
configure:9373: checking whether stripping libraries is possible
configure:9378: result: yes
configure:10212: checking if libtool supports shared libraries
configure:10214: result: yes
configure:10217: checking whether to build shared libraries
configure:10238: result: no
configure:10241: checking whether to build static libraries
configure:10245: result: yes
configure:10337: creating libtool
configure:10925: checking for ld used by g++
configure:10992: result: /usr/bin/ld
configure:11001: checking if the linker (/usr/bin/ld) is GNU ld
configure:11016: result: yes
configure:11067: checking whether the g++ linker (/usr/bin/ld) supports shared libraries
configure:12005: result: yes
configure:12023: g++ -c -g -O2 -I/home/taco/luatex-dev/luatex/src/libs/zziplib/../zlib conftest.cpp >&5
configure:12026: $? = 0
configure:12145: checking for g++ option to produce PIC
configure:12419: result: -fPIC
configure:12427: checking if g++ PIC flag -fPIC works
configure:12445: g++ -c -g -O2 -I/home/taco/luatex-dev/luatex/src/libs/zziplib/../zlib -fPIC -DPIC conftest.cpp >&5
configure:12449: $? = 0
configure:12462: result: yes
configure:12490: checking if g++ static flag -static works
configure:12518: result: no
configure:12528: checking if g++ supports -c -o file.o
configure:12549: g++ -c -g -O2 -I/home/taco/luatex-dev/luatex/src/libs/zziplib/../zlib -o out/conftest2.o conftest.cpp >&5
configure:12553: $? = 0
configure:12575: result: yes
configure:12601: checking whether the g++ linker (/usr/bin/ld) supports shared libraries
configure:12626: result: yes
configure:12693: checking dynamic linker characteristics
configure:13281: result: GNU/Linux ld.so
configure:13290: checking how to hardcode library paths into programs
configure:13315: result: immediate
configure:19466: checking out linker version info 0.13.47 
configure:19482: result: /0/13:47 (-0.so.13.0.47)
configure:19489: result: creating zzip/_msvc.in via zzip/_msvc.sed of config.h.in
configure:19501: checking whether to enable maintainer-specific portions of Makefiles
configure:19510: result: no
configure:19531: checking our pkgconfig libname
configure:19539: result: zziplib
configure:19542: checking our pkgconfig version
configure:19550: result: 0.13.47
configure:19553: checking our pkgconfig_libdir
configure:19560: result: ${libdir}/pkgconfig
configure:19563: result: expanded our pkgconfig_libdir... /usr/local/lib/pkgconfig
configure:19567: checking our pkgconfig_libfile
configure:19573: result: zziplib.pc
configure:19580: checking our package / suffix
configure:19584: result: zziplib / 
configure:19587: checking our pkgconfig description
configure:19594: result: ZZipLib - libZ-based ZIP-access Library
configure:19597: checking our pkgconfig requires
configure:19602: result: zzip-zlib-config
configure:19605: checking our pkgconfig ext libs
configure:19612: result: -lzzip
configure:19615: checking our pkgconfig cppflags
configure:19620: result: -I/home/taco/luatex-dev/luatex/src/libs/zziplib/../zlib
configure:19623: checking our pkgconfig ldflags
configure:19628: result: 
configure:19636: result: generate the pkgconfig later... zzip/zziplib.pc
configure:19657: result: noninstalled pkgconfig -L /home/taco/luatex-dev/luatex/src/libs/zziplib/zzip/.libs
configure:19681: result: noninstalled pkgconfig -I /home/taco/luatex-dev/luatex/src/libs/zziplib/.
configure:19693: checking for perl5
configure:19711: found /usr/bin/perl5
configure:19723: result: /usr/bin/perl5
configure:19738: checking for python2.2
configure:19771: result: no
configure:19738: checking for python2.3
configure:19771: result: no
configure:19738: checking for python
configure:19756: found /usr/bin/python
configure:19768: result: /usr/bin/python
configure:19783: checking for zip
configure:19801: found /usr/bin/zip
configure:19813: result: /usr/bin/zip
configure:19828: checking for xmlto
configure:19861: result: no
configure:19870: checking for inline
configure:19891: gcc -c -g -O2 -I/home/taco/luatex-dev/luatex/src/libs/zziplib/../zlib conftest.c >&5
configure:19897: $? = 0
configure:19901: test -z 
			 || test ! -s conftest.err
configure:19904: $? = 0
configure:19907: test -s conftest.o
configure:19910: $? = 0
configure:19922: result: inline
configure:19941: checking for an ANSI C-conforming const
configure:20008: gcc -c -g -O2 -I/home/taco/luatex-dev/luatex/src/libs/zziplib/../zlib conftest.c >&5
configure:20014: $? = 0
configure:20018: test -z 
			 || test ! -s conftest.err
configure:20021: $? = 0
configure:20024: test -s conftest.o
configure:20027: $? = 0
configure:20038: result: yes
configure:20048: checking for C restrict keyword
configure:20084: gcc -c -g -O2 -I/home/taco/luatex-dev/luatex/src/libs/zziplib/../zlib conftest.c >&5
conftest.c: In function 'main':
conftest.c:29: error: syntax error before 'x'
configure:20090: $? = 1
configure: failed program was:
| /* confdefs.h.  */
| 
| #define PACKAGE_NAME ""
| #define PACKAGE_TARNAME ""
| #define PACKAGE_VERSION ""
| #define PACKAGE_STRING ""
| #define PACKAGE_BUGREPORT ""
| #define PACKAGE "zziplib"
| #define VERSION "0.13.47"
| #define STDC_HEADERS 1
| #define HAVE_SYS_TYPES_H 1
| #define HAVE_SYS_STAT_H 1
| #define HAVE_STDLIB_H 1
| #define HAVE_STRING_H 1
| #define HAVE_MEMORY_H 1
| #define HAVE_STRINGS_H 1
| #define HAVE_INTTYPES_H 1
| #define HAVE_STDINT_H 1
| #define HAVE_UNISTD_H 1
| #define HAVE_DLFCN_H 1
| #ifdef __cplusplus
| extern "C" void std::exit (int) throw (); using std::exit;
| #endif
| /* end confdefs.h.  */
| 
| int
| main ()
| {
| float * restrict x;
|   ;
|   return 0;
| }
configure:20084: gcc -c -g -O2 -I/home/taco/luatex-dev/luatex/src/libs/zziplib/../zlib conftest.c >&5
configure:20090: $? = 0
configure:20094: test -z 
			 || test ! -s conftest.err
configure:20097: $? = 0
configure:20100: test -s conftest.o
configure:20103: $? = 0
configure:20121: result: __restrict__
configure:20133: checking for ANSI C header files
configure:20289: result: yes
configure:20307: checking for dirent.h that defines DIR
configure:20331: gcc -c -g -O2 -I/home/taco/luatex-dev/luatex/src/libs/zziplib/../zlib conftest.c >&5
configure:20337: $? = 0
configure:20341: test -z 
			 || test ! -s conftest.err
configure:20344: $? = 0
configure:20347: test -s conftest.o
configure:20350: $? = 0
configure:20361: result: yes
configure:20374: checking for library containing opendir
configure:20404: gcc -o conftest -g -O2 -I/home/taco/luatex-dev/luatex/src/libs/zziplib/../zlib  conftest.c  >&5
configure:20410: $? = 0
configure:20414: test -z 
			 || test ! -s conftest.err
configure:20417: $? = 0
configure:20420: test -s conftest
configure:20423: $? = 0
configure:20493: result: none required
configure:20639: checking for stdint.h
configure:20644: result: yes
configure:20639: checking for unistd.h
configure:20644: result: yes
configure:20648: checking windows.h usability
configure:20660: gcc -c -g -O2 -I/home/taco/luatex-dev/luatex/src/libs/zziplib/../zlib conftest.c >&5
conftest.c:64:21: error: windows.h: No such file or directory
configure:20666: $? = 1
configure: failed program was:
| /* confdefs.h.  */
| 
| #define PACKAGE_NAME ""
| #define PACKAGE_TARNAME ""
| #define PACKAGE_VERSION ""
| #define PACKAGE_STRING ""
| #define PACKAGE_BUGREPORT ""
| #define PACKAGE "zziplib"
| #define VERSION "0.13.47"
| #define STDC_HEADERS 1
| #define HAVE_SYS_TYPES_H 1
| #define HAVE_SYS_STAT_H 1
| #define HAVE_STDLIB_H 1
| #define HAVE_STRING_H 1
| #define HAVE_MEMORY_H 1
| #define HAVE_STRINGS_H 1
| #define HAVE_INTTYPES_H 1
| #define HAVE_STDINT_H 1
| #define HAVE_UNISTD_H 1
| #define HAVE_DLFCN_H 1
| #ifdef __cplusplus
| extern "C" void std::exit (int) throw (); using std::exit;
| #endif
| #define restrict __restrict__
| #define STDC_HEADERS 1
| #define HAVE_DIRENT_H 1
| #define HAVE_STDINT_H 1
| #define HAVE_UNISTD_H 1
| /* end confdefs.h.  */
| #include <stdio.h>
| #if HAVE_SYS_TYPES_H
| # include <sys/types.h>
| #endif
| #if HAVE_SYS_STAT_H
| # include <sys/stat.h>
| #endif
| #if STDC_HEADERS
| # include <stdlib.h>
| # include <stddef.h>
| #else
| # if HAVE_STDLIB_H
| #  include <stdlib.h>
| # endif
| #endif
| #if HAVE_STRING_H
| # if !STDC_HEADERS && HAVE_MEMORY_H
| #  include <memory.h>
| # endif
| # include <string.h>
| #endif
| #if HAVE_STRINGS_H
| # include <strings.h>
| #endif
| #if HAVE_INTTYPES_H
| # include <inttypes.h>
| #else
| # if HAVE_STDINT_H
| #  include <stdint.h>
| # endif
| #endif
| #if HAVE_UNISTD_H
| # include <unistd.h>
| #endif
| #include <windows.h>
configure:20689: result: no
configure:20693: checking windows.h presence
configure:20703: gcc -E -I/home/taco/luatex-dev/luatex/src/libs/zziplib/../zlib conftest.c
conftest.c:30:21: error: windows.h: No such file or directory
configure:20709: $? = 1
configure: failed program was:
| /* confdefs.h.  */
| 
| #define PACKAGE_NAME ""
| #define PACKAGE_TARNAME ""
| #define PACKAGE_VERSION ""
| #define PACKAGE_STRING ""
| #define PACKAGE_BUGREPORT ""
| #define PACKAGE "zziplib"
| #define VERSION "0.13.47"
| #define STDC_HEADERS 1
| #define HAVE_SYS_TYPES_H 1
| #define HAVE_SYS_STAT_H 1
| #define HAVE_STDLIB_H 1
| #define HAVE_STRING_H 1
| #define HAVE_MEMORY_H 1
| #define HAVE_STRINGS_H 1
| #define HAVE_INTTYPES_H 1
| #define HAVE_STDINT_H 1
| #define HAVE_UNISTD_H 1
| #define HAVE_DLFCN_H 1
| #ifdef __cplusplus
| extern "C" void std::exit (int) throw (); using std::exit;
| #endif
| #define restrict __restrict__
| #define STDC_HEADERS 1
| #define HAVE_DIRENT_H 1
| #define HAVE_STDINT_H 1
| #define HAVE_UNISTD_H 1
| /* end confdefs.h.  */
| #include <windows.h>
configure:20729: result: no
configure:20764: checking for windows.h
configure:20771: result: no
configure:20648: checking winnt.h usability
configure:20660: gcc -c -g -O2 -I/home/taco/luatex-dev/luatex/src/libs/zziplib/../zlib conftest.c >&5
conftest.c:64:19: error: winnt.h: No such file or directory
configure:20666: $? = 1
configure: failed program was:
| /* confdefs.h.  */
| 
| #define PACKAGE_NAME ""
| #define PACKAGE_TARNAME ""
| #define PACKAGE_VERSION ""
| #define PACKAGE_STRING ""
| #define PACKAGE_BUGREPORT ""
| #define PACKAGE "zziplib"
| #define VERSION "0.13.47"
| #define STDC_HEADERS 1
| #define HAVE_SYS_TYPES_H 1
| #define HAVE_SYS_STAT_H 1
| #define HAVE_STDLIB_H 1
| #define HAVE_STRING_H 1
| #define HAVE_MEMORY_H 1
| #define HAVE_STRINGS_H 1
| #define HAVE_INTTYPES_H 1
| #define HAVE_STDINT_H 1
| #define HAVE_UNISTD_H 1
| #define HAVE_DLFCN_H 1
| #ifdef __cplusplus
| extern "C" void std::exit (int) throw (); using std::exit;
| #endif
| #define restrict __restrict__
| #define STDC_HEADERS 1
| #define HAVE_DIRENT_H 1
| #define HAVE_STDINT_H 1
| #define HAVE_UNISTD_H 1
| /* end confdefs.h.  */
| #include <stdio.h>
| #if HAVE_SYS_TYPES_H
| # include <sys/types.h>
| #endif
| #if HAVE_SYS_STAT_H
| # include <sys/stat.h>
| #endif
| #if STDC_HEADERS
| # include <stdlib.h>
| # include <stddef.h>
| #else
| # if HAVE_STDLIB_H
| #  include <stdlib.h>
| # endif
| #endif
| #if HAVE_STRING_H
| # if !STDC_HEADERS && HAVE_MEMORY_H
| #  include <memory.h>
| # endif
| # include <string.h>
| #endif
| #if HAVE_STRINGS_H
| # include <strings.h>
| #endif
| #if HAVE_INTTYPES_H
| # include <inttypes.h>
| #else
| # if HAVE_STDINT_H
| #  include <stdint.h>
| # endif
| #endif
| #if HAVE_UNISTD_H
| # include <unistd.h>
| #endif
| #include <winnt.h>
configure:20689: result: no
configure:20693: checking winnt.h presence
configure:20703: gcc -E -I/home/taco/luatex-dev/luatex/src/libs/zziplib/../zlib conftest.c
conftest.c:30:19: error: winnt.h: No such file or directory
configure:20709: $? = 1
configure: failed program was:
| /* confdefs.h.  */
| 
| #define PACKAGE_NAME ""
| #define PACKAGE_TARNAME ""
| #define PACKAGE_VERSION ""
| #define PACKAGE_STRING ""
| #define PACKAGE_BUGREPORT ""
| #define PACKAGE "zziplib"
| #define VERSION "0.13.47"
| #define STDC_HEADERS 1
| #define HAVE_SYS_TYPES_H 1
| #define HAVE_SYS_STAT_H 1
| #define HAVE_STDLIB_H 1
| #define HAVE_STRING_H 1
| #define HAVE_MEMORY_H 1
| #define HAVE_STRINGS_H 1
| #define HAVE_INTTYPES_H 1
| #define HAVE_STDINT_H 1
| #define HAVE_UNISTD_H 1
| #define HAVE_DLFCN_H 1
| #ifdef __cplusplus
| extern "C" void std::exit (int) throw (); using std::exit;
| #endif
| #define restrict __restrict__
| #define STDC_HEADERS 1
| #define HAVE_DIRENT_H 1
| #define HAVE_STDINT_H 1
| #define HAVE_UNISTD_H 1
| /* end confdefs.h.  */
| #include <winnt.h>
configure:20729: result: no
configure:20764: checking for winnt.h
configure:20771: result: no
configure:20648: checking winbase.h usability
configure:20660: gcc -c -g -O2 -I/home/taco/luatex-dev/luatex/src/libs/zziplib/../zlib conftest.c >&5
conftest.c:64:21: error: winbase.h: No such file or directory
configure:20666: $? = 1
configure: failed program was:
| /* confdefs.h.  */
| 
| #define PACKAGE_NAME ""
| #define PACKAGE_TARNAME ""
| #define PACKAGE_VERSION ""
| #define PACKAGE_STRING ""
| #define PACKAGE_BUGREPORT ""
| #define PACKAGE "zziplib"
| #define VERSION "0.13.47"
| #define STDC_HEADERS 1
| #define HAVE_SYS_TYPES_H 1
| #define HAVE_SYS_STAT_H 1
| #define HAVE_STDLIB_H 1
| #define HAVE_STRING_H 1
| #define HAVE_MEMORY_H 1
| #define HAVE_STRINGS_H 1
| #define HAVE_INTTYPES_H 1
| #define HAVE_STDINT_H 1
| #define HAVE_UNISTD_H 1
| #define HAVE_DLFCN_H 1
| #ifdef __cplusplus
| extern "C" void std::exit (int) throw (); using std::exit;
| #endif
| #define restrict __restrict__
| #define STDC_HEADERS 1
| #define HAVE_DIRENT_H 1
| #define HAVE_STDINT_H 1
| #define HAVE_UNISTD_H 1
| /* end confdefs.h.  */
| #include <stdio.h>
| #if HAVE_SYS_TYPES_H
| # include <sys/types.h>
| #endif
| #if HAVE_SYS_STAT_H
| # include <sys/stat.h>
| #endif
| #if STDC_HEADERS
| # include <stdlib.h>
| # include <stddef.h>
| #else
| # if HAVE_STDLIB_H
| #  include <stdlib.h>
| # endif
| #endif
| #if HAVE_STRING_H
| # if !STDC_HEADERS && HAVE_MEMORY_H
| #  include <memory.h>
| # endif
| # include <string.h>
| #endif
| #if HAVE_STRINGS_H
| # include <strings.h>
| #endif
| #if HAVE_INTTYPES_H
| # include <inttypes.h>
| #else
| # if HAVE_STDINT_H
| #  include <stdint.h>
| # endif
| #endif
| #if HAVE_UNISTD_H
| # include <unistd.h>
| #endif
| #include <winbase.h>
configure:20689: result: no
configure:20693: checking winbase.h presence
configure:20703: gcc -E -I/home/taco/luatex-dev/luatex/src/libs/zziplib/../zlib conftest.c
conftest.c:30:21: error: winbase.h: No such file or directory
configure:20709: $? = 1
configure: failed program was:
| /* confdefs.h.  */
| 
| #define PACKAGE_NAME ""
| #define PACKAGE_TARNAME ""
| #define PACKAGE_VERSION ""
| #define PACKAGE_STRING ""
| #define PACKAGE_BUGREPORT ""
| #define PACKAGE "zziplib"
| #define VERSION "0.13.47"
| #define STDC_HEADERS 1
| #define HAVE_SYS_TYPES_H 1
| #define HAVE_SYS_STAT_H 1
| #define HAVE_STDLIB_H 1
| #define HAVE_STRING_H 1
| #define HAVE_MEMORY_H 1
| #define HAVE_STRINGS_H 1
| #define HAVE_INTTYPES_H 1
| #define HAVE_STDINT_H 1
| #define HAVE_UNISTD_H 1
| #define HAVE_DLFCN_H 1
| #ifdef __cplusplus
| extern "C" void std::exit (int) throw (); using std::exit;
| #endif
| #define restrict __restrict__
| #define STDC_HEADERS 1
| #define HAVE_DIRENT_H 1
| #define HAVE_STDINT_H 1
| #define HAVE_UNISTD_H 1
| /* end confdefs.h.  */
| #include <winbase.h>
configure:20729: result: no
configure:20764: checking for winbase.h
configure:20771: result: no
configure:20648: checking sys/int_types.h usability
configure:20660: gcc -c -g -O2 -I/home/taco/luatex-dev/luatex/src/libs/zziplib/../zlib conftest.c >&5
conftest.c:64:27: error: sys/int_types.h: No such file or directory
configure:20666: $? = 1
configure: failed program was:
| /* confdefs.h.  */
| 
| #define PACKAGE_NAME ""
| #define PACKAGE_TARNAME ""
| #define PACKAGE_VERSION ""
| #define PACKAGE_STRING ""
| #define PACKAGE_BUGREPORT ""
| #define PACKAGE "zziplib"
| #define VERSION "0.13.47"
| #define STDC_HEADERS 1
| #define HAVE_SYS_TYPES_H 1
| #define HAVE_SYS_STAT_H 1
| #define HAVE_STDLIB_H 1
| #define HAVE_STRING_H 1
| #define HAVE_MEMORY_H 1
| #define HAVE_STRINGS_H 1
| #define HAVE_INTTYPES_H 1
| #define HAVE_STDINT_H 1
| #define HAVE_UNISTD_H 1
| #define HAVE_DLFCN_H 1
| #ifdef __cplusplus
| extern "C" void std::exit (int) throw (); using std::exit;
| #endif
| #define restrict __restrict__
| #define STDC_HEADERS 1
| #define HAVE_DIRENT_H 1
| #define HAVE_STDINT_H 1
| #define HAVE_UNISTD_H 1
| /* end confdefs.h.  */
| #include <stdio.h>
| #if HAVE_SYS_TYPES_H
| # include <sys/types.h>
| #endif
| #if HAVE_SYS_STAT_H
| # include <sys/stat.h>
| #endif
| #if STDC_HEADERS
| # include <stdlib.h>
| # include <stddef.h>
| #else
| # if HAVE_STDLIB_H
| #  include <stdlib.h>
| # endif
| #endif
| #if HAVE_STRING_H
| # if !STDC_HEADERS && HAVE_MEMORY_H
| #  include <memory.h>
| # endif
| # include <string.h>
| #endif
| #if HAVE_STRINGS_H
| # include <strings.h>
| #endif
| #if HAVE_INTTYPES_H
| # include <inttypes.h>
| #else
| # if HAVE_STDINT_H
| #  include <stdint.h>
| # endif
| #endif
| #if HAVE_UNISTD_H
| # include <unistd.h>
| #endif
| #include <sys/int_types.h>
configure:20689: result: no
configure:20693: checking sys/int_types.h presence
configure:20703: gcc -E -I/home/taco/luatex-dev/luatex/src/libs/zziplib/../zlib conftest.c
conftest.c:30:27: error: sys/int_types.h: No such file or directory
configure:20709: $? = 1
configure: failed program was:
| /* confdefs.h.  */
| 
| #define PACKAGE_NAME ""
| #define PACKAGE_TARNAME ""
| #define PACKAGE_VERSION ""
| #define PACKAGE_STRING ""
| #define PACKAGE_BUGREPORT ""
| #define PACKAGE "zziplib"
| #define VERSION "0.13.47"
| #define STDC_HEADERS 1
| #define HAVE_SYS_TYPES_H 1
| #define HAVE_SYS_STAT_H 1
| #define HAVE_STDLIB_H 1
| #define HAVE_STRING_H 1
| #define HAVE_MEMORY_H 1
| #define HAVE_STRINGS_H 1
| #define HAVE_INTTYPES_H 1
| #define HAVE_STDINT_H 1
| #define HAVE_UNISTD_H 1
| #define HAVE_DLFCN_H 1
| #ifdef __cplusplus
| extern "C" void std::exit (int) throw (); using std::exit;
| #endif
| #define restrict __restrict__
| #define STDC_HEADERS 1
| #define HAVE_DIRENT_H 1
| #define HAVE_STDINT_H 1
| #define HAVE_UNISTD_H 1
| /* end confdefs.h.  */
| #include <sys/int_types.h>
configure:20729: result: no
configure:20764: checking for sys/int_types.h
configure:20771: result: no
configure:20792: checking for sys/types.h
configure:20797: result: yes
configure:20801: checking sys/mman.h usability
configure:20813: gcc -c -g -O2 -I/home/taco/luatex-dev/luatex/src/libs/zziplib/../zlib conftest.c >&5
configure:20819: $? = 0
configure:20823: test -z 
			 || test ! -s conftest.err
configure:20826: $? = 0
configure:20829: test -s conftest.o
configure:20832: $? = 0
configure:20842: result: yes
configure:20846: checking sys/mman.h presence
configure:20856: gcc -E -I/home/taco/luatex-dev/luatex/src/libs/zziplib/../zlib conftest.c
configure:20862: $? = 0
configure:20882: result: yes
configure:20917: checking for sys/mman.h
configure:20924: result: yes
configure:20792: checking for sys/stat.h
configure:20797: result: yes
configure:20801: checking sys/param.h usability
configure:20813: gcc -c -g -O2 -I/home/taco/luatex-dev/luatex/src/libs/zziplib/../zlib conftest.c >&5
configure:20819: $? = 0
configure:20823: test -z 
			 || test ! -s conftest.err
configure:20826: $? = 0
configure:20829: test -s conftest.o
configure:20832: $? = 0
configure:20842: result: yes
configure:20846: checking sys/param.h presence
configure:20856: gcc -E -I/home/taco/luatex-dev/luatex/src/libs/zziplib/../zlib conftest.c
configure:20862: $? = 0
configure:20882: result: yes
configure:20917: checking for sys/param.h
configure:20924: result: yes
configure:20953: checking io.h usability
configure:20965: gcc -c -g -O2 -I/home/taco/luatex-dev/luatex/src/libs/zziplib/../zlib conftest.c >&5
conftest.c:68:16: error: io.h: No such file or directory
configure:20971: $? = 1
configure: failed program was:
| /* confdefs.h.  */
| 
| #define PACKAGE_NAME ""
| #define PACKAGE_TARNAME ""
| #define PACKAGE_VERSION ""
| #define PACKAGE_STRING ""
| #define PACKAGE_BUGREPORT ""
| #define PACKAGE "zziplib"
| #define VERSION "0.13.47"
| #define STDC_HEADERS 1
| #define HAVE_SYS_TYPES_H 1
| #define HAVE_SYS_STAT_H 1
| #define HAVE_STDLIB_H 1
| #define HAVE_STRING_H 1
| #define HAVE_MEMORY_H 1
| #define HAVE_STRINGS_H 1
| #define HAVE_INTTYPES_H 1
| #define HAVE_STDINT_H 1
| #define HAVE_UNISTD_H 1
| #define HAVE_DLFCN_H 1
| #ifdef __cplusplus
| extern "C" void std::exit (int) throw (); using std::exit;
| #endif
| #define restrict __restrict__
| #define STDC_HEADERS 1
| #define HAVE_DIRENT_H 1
| #define HAVE_STDINT_H 1
| #define HAVE_UNISTD_H 1
| #define HAVE_SYS_TYPES_H 1
| #define HAVE_SYS_MMAN_H 1
| #define HAVE_SYS_STAT_H 1
| #define HAVE_SYS_PARAM_H 1
| /* end confdefs.h.  */
| #include <stdio.h>
| #if HAVE_SYS_TYPES_H
| # include <sys/types.h>
| #endif
| #if HAVE_SYS_STAT_H
| # include <sys/stat.h>
| #endif
| #if STDC_HEADERS
| # include <stdlib.h>
| # include <stddef.h>
| #else
| # if HAVE_STDLIB_H
| #  include <stdlib.h>
| # endif
| #endif
| #if HAVE_STRING_H
| # if !STDC_HEADERS && HAVE_MEMORY_H
| #  include <memory.h>
| # endif
| # include <string.h>
| #endif
| #if HAVE_STRINGS_H
| # include <strings.h>
| #endif
| #if HAVE_INTTYPES_H
| # include <inttypes.h>
| #else
| # if HAVE_STDINT_H
| #  include <stdint.h>
| # endif
| #endif
| #if HAVE_UNISTD_H
| # include <unistd.h>
| #endif
| #include <io.h>
configure:20994: result: no
configure:20998: checking io.h presence
configure:21008: gcc -E -I/home/taco/luatex-dev/luatex/src/libs/zziplib/../zlib conftest.c
conftest.c:34:16: error: io.h: No such file or directory
configure:21014: $? = 1
configure: failed program was:
| /* confdefs.h.  */
| 
| #define PACKAGE_NAME ""
| #define PACKAGE_TARNAME ""
| #define PACKAGE_VERSION ""
| #define PACKAGE_STRING ""
| #define PACKAGE_BUGREPORT ""
| #define PACKAGE "zziplib"
| #define VERSION "0.13.47"
| #define STDC_HEADERS 1
| #define HAVE_SYS_TYPES_H 1
| #define HAVE_SYS_STAT_H 1
| #define HAVE_STDLIB_H 1
| #define HAVE_STRING_H 1
| #define HAVE_MEMORY_H 1
| #define HAVE_STRINGS_H 1
| #define HAVE_INTTYPES_H 1
| #define HAVE_STDINT_H 1
| #define HAVE_UNISTD_H 1
| #define HAVE_DLFCN_H 1
| #ifdef __cplusplus
| extern "C" void std::exit (int) throw (); using std::exit;
| #endif
| #define restrict __restrict__
| #define STDC_HEADERS 1
| #define HAVE_DIRENT_H 1
| #define HAVE_STDINT_H 1
| #define HAVE_UNISTD_H 1
| #define HAVE_SYS_TYPES_H 1
| #define HAVE_SYS_MMAN_H 1
| #define HAVE_SYS_STAT_H 1
| #define HAVE_SYS_PARAM_H 1
| /* end confdefs.h.  */
| #include <io.h>
configure:21034: result: no
configure:21069: checking for io.h
configure:21076: result: no
configure:20953: checking direct.h usability
configure:20965: gcc -c -g -O2 -I/home/taco/luatex-dev/luatex/src/libs/zziplib/../zlib conftest.c >&5
conftest.c:68:20: error: direct.h: No such file or directory
configure:20971: $? = 1
configure: failed program was:
| /* confdefs.h.  */
| 
| #define PACKAGE_NAME ""
| #define PACKAGE_TARNAME ""
| #define PACKAGE_VERSION ""
| #define PACKAGE_STRING ""
| #define PACKAGE_BUGREPORT ""
| #define PACKAGE "zziplib"
| #define VERSION "0.13.47"
| #define STDC_HEADERS 1
| #define HAVE_SYS_TYPES_H 1
| #define HAVE_SYS_STAT_H 1
| #define HAVE_STDLIB_H 1
| #define HAVE_STRING_H 1
| #define HAVE_MEMORY_H 1
| #define HAVE_STRINGS_H 1
| #define HAVE_INTTYPES_H 1
| #define HAVE_STDINT_H 1
| #define HAVE_UNISTD_H 1
| #define HAVE_DLFCN_H 1
| #ifdef __cplusplus
| extern "C" void std::exit (int) throw (); using std::exit;
| #endif
| #define restrict __restrict__
| #define STDC_HEADERS 1
| #define HAVE_DIRENT_H 1
| #define HAVE_STDINT_H 1
| #define HAVE_UNISTD_H 1
| #define HAVE_SYS_TYPES_H 1
| #define HAVE_SYS_MMAN_H 1
| #define HAVE_SYS_STAT_H 1
| #define HAVE_SYS_PARAM_H 1
| /* end confdefs.h.  */
| #include <stdio.h>
| #if HAVE_SYS_TYPES_H
| # include <sys/types.h>
| #endif
| #if HAVE_SYS_STAT_H
| # include <sys/stat.h>
| #endif
| #if STDC_HEADERS
| # include <stdlib.h>
| # include <stddef.h>
| #else
| # if HAVE_STDLIB_H
| #  include <stdlib.h>
| # endif
| #endif
| #if HAVE_STRING_H
| # if !STDC_HEADERS && HAVE_MEMORY_H
| #  include <memory.h>
| # endif
| # include <string.h>
| #endif
| #if HAVE_STRINGS_H
| # include <strings.h>
| #endif
| #if HAVE_INTTYPES_H
| # include <inttypes.h>
| #else
| # if HAVE_STDINT_H
| #  include <stdint.h>
| # endif
| #endif
| #if HAVE_UNISTD_H
| # include <unistd.h>
| #endif
| #include <direct.h>
configure:20994: result: no
configure:20998: checking direct.h presence
configure:21008: gcc -E -I/home/taco/luatex-dev/luatex/src/libs/zziplib/../zlib conftest.c
conftest.c:34:20: error: direct.h: No such file or directory
configure:21014: $? = 1
configure: failed program was:
| /* confdefs.h.  */
| 
| #define PACKAGE_NAME ""
| #define PACKAGE_TARNAME ""
| #define PACKAGE_VERSION ""
| #define PACKAGE_STRING ""
| #define PACKAGE_BUGREPORT ""
| #define PACKAGE "zziplib"
| #define VERSION "0.13.47"
| #define STDC_HEADERS 1
| #define HAVE_SYS_TYPES_H 1
| #define HAVE_SYS_STAT_H 1
| #define HAVE_STDLIB_H 1
| #define HAVE_STRING_H 1
| #define HAVE_MEMORY_H 1
| #define HAVE_STRINGS_H 1
| #define HAVE_INTTYPES_H 1
| #define HAVE_STDINT_H 1
| #define HAVE_UNISTD_H 1
| #define HAVE_DLFCN_H 1
| #ifdef __cplusplus
| extern "C" void std::exit (int) throw (); using std::exit;
| #endif
| #define restrict __restrict__
| #define STDC_HEADERS 1
| #define HAVE_DIRENT_H 1
| #define HAVE_STDINT_H 1
| #define HAVE_UNISTD_H 1
| #define HAVE_SYS_TYPES_H 1
| #define HAVE_SYS_MMAN_H 1
| #define HAVE_SYS_STAT_H 1
| #define HAVE_SYS_PARAM_H 1
| /* end confdefs.h.  */
| #include <direct.h>
configure:21034: result: no
configure:21069: checking for direct.h
configure:21076: result: no
configure:20953: checking zlib.h usability
configure:20965: gcc -c -g -O2 -I/home/taco/luatex-dev/luatex/src/libs/zziplib/../zlib conftest.c >&5
configure:20971: $? = 0
configure:20975: test -z 
			 || test ! -s conftest.err
configure:20978: $? = 0
configure:20981: test -s conftest.o
configure:20984: $? = 0
configure:20994: result: yes
configure:20998: checking zlib.h presence
configure:21008: gcc -E -I/home/taco/luatex-dev/luatex/src/libs/zziplib/../zlib conftest.c
configure:21014: $? = 0
configure:21034: result: yes
configure:21069: checking for zlib.h
configure:21076: result: yes
configure:20953: checking byteswap.h usability
configure:20965: gcc -c -g -O2 -I/home/taco/luatex-dev/luatex/src/libs/zziplib/../zlib conftest.c >&5
configure:20971: $? = 0
configure:20975: test -z 
			 || test ! -s conftest.err
configure:20978: $? = 0
configure:20981: test -s conftest.o
configure:20984: $? = 0
configure:20994: result: yes
configure:20998: checking byteswap.h presence
configure:21008: gcc -E -I/home/taco/luatex-dev/luatex/src/libs/zziplib/../zlib conftest.c
configure:21014: $? = 0
configure:21034: result: yes
configure:21069: checking for byteswap.h
configure:21076: result: yes
configure:21103: checking fnmatch.h usability
configure:21115: gcc -c -g -O2 -I/home/taco/luatex-dev/luatex/src/libs/zziplib/../zlib conftest.c >&5
configure:21121: $? = 0
configure:21125: test -z 
			 || test ! -s conftest.err
configure:21128: $? = 0
configure:21131: test -s conftest.o
configure:21134: $? = 0
configure:21144: result: yes
configure:21148: checking fnmatch.h presence
configure:21158: gcc -E -I/home/taco/luatex-dev/luatex/src/libs/zziplib/../zlib conftest.c
configure:21164: $? = 0
configure:21184: result: yes
configure:21219: checking for fnmatch.h
configure:21226: result: yes
configure:21244: checking for strcasecmp
configure:21301: gcc -o conftest -g -O2 -I/home/taco/luatex-dev/luatex/src/libs/zziplib/../zlib  conftest.c  >&5
configure:21307: $? = 0
configure:21311: test -z 
			 || test ! -s conftest.err
configure:21314: $? = 0
configure:21317: test -s conftest
configure:21320: $? = 0
configure:21332: result: yes
configure:21244: checking for strndup
configure:21301: gcc -o conftest -g -O2 -I/home/taco/luatex-dev/luatex/src/libs/zziplib/../zlib  conftest.c  >&5
configure:21307: $? = 0
configure:21311: test -z 
			 || test ! -s conftest.err
configure:21314: $? = 0
configure:21317: test -s conftest
configure:21320: $? = 0
configure:21332: result: yes
configure:21343: checking for off_t
configure:21367: gcc -c -g -O2 -I/home/taco/luatex-dev/luatex/src/libs/zziplib/../zlib conftest.c >&5
configure:21373: $? = 0
configure:21377: test -z 
			 || test ! -s conftest.err
configure:21380: $? = 0
configure:21383: test -s conftest.o
configure:21386: $? = 0
configure:21397: result: yes
configure:21409: checking for size_t
configure:21433: gcc -c -g -O2 -I/home/taco/luatex-dev/luatex/src/libs/zziplib/../zlib conftest.c >&5
configure:21439: $? = 0
configure:21443: test -z 
			 || test ! -s conftest.err
configure:21446: $? = 0
configure:21449: test -s conftest.o
configure:21452: $? = 0
configure:21463: result: yes
configure:21475: checking for ssize_t
configure:21499: gcc -c -g -O2 -I/home/taco/luatex-dev/luatex/src/libs/zziplib/../zlib conftest.c >&5
configure:21505: $? = 0
configure:21509: test -z 
			 || test ! -s conftest.err
configure:21512: $? = 0
configure:21515: test -s conftest.o
configure:21518: $? = 0
configure:21529: result: yes
configure:21541: checking for off64_t
configure:21565: gcc -c -g -O2 -I/home/taco/luatex-dev/luatex/src/libs/zziplib/../zlib conftest.c >&5
conftest.c: In function 'main':
conftest.c:76: error: 'off64_t' undeclared (first use in this function)
conftest.c:76: error: (Each undeclared identifier is reported only once
conftest.c:76: error: for each function it appears in.)
conftest.c:76: error: syntax error before ')' token
configure:21571: $? = 1
configure: failed program was:
| /* confdefs.h.  */
| 
| #define PACKAGE_NAME ""
| #define PACKAGE_TARNAME ""
| #define PACKAGE_VERSION ""
| #define PACKAGE_STRING ""
| #define PACKAGE_BUGREPORT ""
| #define PACKAGE "zziplib"
| #define VERSION "0.13.47"
| #define STDC_HEADERS 1
| #define HAVE_SYS_TYPES_H 1
| #define HAVE_SYS_STAT_H 1
| #define HAVE_STDLIB_H 1
| #define HAVE_STRING_H 1
| #define HAVE_MEMORY_H 1
| #define HAVE_STRINGS_H 1
| #define HAVE_INTTYPES_H 1
| #define HAVE_STDINT_H 1
| #define HAVE_UNISTD_H 1
| #define HAVE_DLFCN_H 1
| #ifdef __cplusplus
| extern "C" void std::exit (int) throw (); using std::exit;
| #endif
| #define restrict __restrict__
| #define STDC_HEADERS 1
| #define HAVE_DIRENT_H 1
| #define HAVE_STDINT_H 1
| #define HAVE_UNISTD_H 1
| #define HAVE_SYS_TYPES_H 1
| #define HAVE_SYS_MMAN_H 1
| #define HAVE_SYS_STAT_H 1
| #define HAVE_SYS_PARAM_H 1
| #define HAVE_ZLIB_H 1
| #define HAVE_BYTESWAP_H 1
| #define HAVE_FNMATCH_H 1
| #define HAVE_STRCASECMP 1
| #define HAVE_STRNDUP 1
| /* end confdefs.h.  */
| #include <stdio.h>
| #if HAVE_SYS_TYPES_H
| # include <sys/types.h>
| #endif
| #if HAVE_SYS_STAT_H
| # include <sys/stat.h>
| #endif
| #if STDC_HEADERS
| # include <stdlib.h>
| # include <stddef.h>
| #else
| # if HAVE_STDLIB_H
| #  include <stdlib.h>
| # endif
| #endif
| #if HAVE_STRING_H
| # if !STDC_HEADERS && HAVE_MEMORY_H
| #  include <memory.h>
| # endif
| # include <string.h>
| #endif
| #if HAVE_STRINGS_H
| # include <strings.h>
| #endif
| #if HAVE_INTTYPES_H
| # include <inttypes.h>
| #else
| # if HAVE_STDINT_H
| #  include <stdint.h>
| # endif
| #endif
| #if HAVE_UNISTD_H
| # include <unistd.h>
| #endif
| int
| main ()
| {
| if ((off64_t *) 0)
|   return 0;
| if (sizeof (off64_t))
|   return 0;
|   ;
|   return 0;
| }
configure:21595: result: no
configure:21607: checking for __int64
configure:21631: gcc -c -g -O2 -I/home/taco/luatex-dev/luatex/src/libs/zziplib/../zlib conftest.c >&5
conftest.c: In function 'main':
conftest.c:77: error: '__int64' undeclared (first use in this function)
conftest.c:77: error: (Each undeclared identifier is reported only once
conftest.c:77: error: for each function it appears in.)
conftest.c:77: error: syntax error before ')' token
configure:21637: $? = 1
configure: failed program was:
| /* confdefs.h.  */
| 
| #define PACKAGE_NAME ""
| #define PACKAGE_TARNAME ""
| #define PACKAGE_VERSION ""
| #define PACKAGE_STRING ""
| #define PACKAGE_BUGREPORT ""
| #define PACKAGE "zziplib"
| #define VERSION "0.13.47"
| #define STDC_HEADERS 1
| #define HAVE_SYS_TYPES_H 1
| #define HAVE_SYS_STAT_H 1
| #define HAVE_STDLIB_H 1
| #define HAVE_STRING_H 1
| #define HAVE_MEMORY_H 1
| #define HAVE_STRINGS_H 1
| #define HAVE_INTTYPES_H 1
| #define HAVE_STDINT_H 1
| #define HAVE_UNISTD_H 1
| #define HAVE_DLFCN_H 1
| #ifdef __cplusplus
| extern "C" void std::exit (int) throw (); using std::exit;
| #endif
| #define restrict __restrict__
| #define STDC_HEADERS 1
| #define HAVE_DIRENT_H 1
| #define HAVE_STDINT_H 1
| #define HAVE_UNISTD_H 1
| #define HAVE_SYS_TYPES_H 1
| #define HAVE_SYS_MMAN_H 1
| #define HAVE_SYS_STAT_H 1
| #define HAVE_SYS_PARAM_H 1
| #define HAVE_ZLIB_H 1
| #define HAVE_BYTESWAP_H 1
| #define HAVE_FNMATCH_H 1
| #define HAVE_STRCASECMP 1
| #define HAVE_STRNDUP 1
| #define off64_t _zzip_off_t
| /* end confdefs.h.  */
| #include <stdio.h>
| #if HAVE_SYS_TYPES_H
| # include <sys/types.h>
| #endif
| #if HAVE_SYS_STAT_H
| # include <sys/stat.h>
| #endif
| #if STDC_HEADERS
| # include <stdlib.h>
| # include <stddef.h>
| #else
| # if HAVE_STDLIB_H
| #  include <stdlib.h>
| # endif
| #endif
| #if HAVE_STRING_H
| # if !STDC_HEADERS && HAVE_MEMORY_H
| #  include <memory.h>
| # endif
| # include <string.h>
| #endif
| #if HAVE_STRINGS_H
| # include <strings.h>
| #endif
| #if HAVE_INTTYPES_H
| # include <inttypes.h>
| #else
| # if HAVE_STDINT_H
| #  include <stdint.h>
| # endif
| #endif
| #if HAVE_UNISTD_H
| # include <unistd.h>
| #endif
| int
| main ()
| {
| if ((__int64 *) 0)
|   return 0;
| if (sizeof (__int64))
|   return 0;
|   ;
|   return 0;
| }
configure:21661: result: no
configure:21673: checking size of short
configure:21698: gcc -c -g -O2 -I/home/taco/luatex-dev/luatex/src/libs/zziplib/../zlib conftest.c >&5
conftest.c: In function 'main':
conftest.c:48: error: duplicate case value
conftest.c:48: error: previously used here
configure:21704: $? = 1
configure: failed program was:
| /* confdefs.h.  */
| 
| #define PACKAGE_NAME ""
| #define PACKAGE_TARNAME ""
| #define PACKAGE_VERSION ""
| #define PACKAGE_STRING ""
| #define PACKAGE_BUGREPORT ""
| #define PACKAGE "zziplib"
| #define VERSION "0.13.47"
| #define STDC_HEADERS 1
| #define HAVE_SYS_TYPES_H 1
| #define HAVE_SYS_STAT_H 1
| #define HAVE_STDLIB_H 1
| #define HAVE_STRING_H 1
| #define HAVE_MEMORY_H 1
| #define HAVE_STRINGS_H 1
| #define HAVE_INTTYPES_H 1
| #define HAVE_STDINT_H 1
| #define HAVE_UNISTD_H 1
| #define HAVE_DLFCN_H 1
| #ifdef __cplusplus
| extern "C" void std::exit (int) throw (); using std::exit;
| #endif
| #define restrict __restrict__
| #define STDC_HEADERS 1
| #define HAVE_DIRENT_H 1
| #define HAVE_STDINT_H 1
| #define HAVE_UNISTD_H 1
| #define HAVE_SYS_TYPES_H 1
| #define HAVE_SYS_MMAN_H 1
| #define HAVE_SYS_STAT_H 1
| #define HAVE_SYS_PARAM_H 1
| #define HAVE_ZLIB_H 1
| #define HAVE_BYTESWAP_H 1
| #define HAVE_FNMATCH_H 1
| #define HAVE_STRCASECMP 1
| #define HAVE_STRNDUP 1
| #define off64_t _zzip_off_t
| #define __int64 long long
| /* end confdefs.h.  */
| #include "confdefs.h"
| #include <sys/types.h>
| 
| 
| int
| main ()
| {
| switch (0) case 0: case (sizeof (short) == 4):;
|   ;
|   return 0;
| }
configure:21698: gcc -c -g -O2 -I/home/taco/luatex-dev/luatex/src/libs/zziplib/../zlib conftest.c >&5
conftest.c: In function 'main':
conftest.c:48: error: duplicate case value
conftest.c:48: error: previously used here
configure:21704: $? = 1
configure: failed program was:
| /* confdefs.h.  */
| 
| #define PACKAGE_NAME ""
| #define PACKAGE_TARNAME ""
| #define PACKAGE_VERSION ""
| #define PACKAGE_STRING ""
| #define PACKAGE_BUGREPORT ""
| #define PACKAGE "zziplib"
| #define VERSION "0.13.47"
| #define STDC_HEADERS 1
| #define HAVE_SYS_TYPES_H 1
| #define HAVE_SYS_STAT_H 1
| #define HAVE_STDLIB_H 1
| #define HAVE_STRING_H 1
| #define HAVE_MEMORY_H 1
| #define HAVE_STRINGS_H 1
| #define HAVE_INTTYPES_H 1
| #define HAVE_STDINT_H 1
| #define HAVE_UNISTD_H 1
| #define HAVE_DLFCN_H 1
| #ifdef __cplusplus
| extern "C" void std::exit (int) throw (); using std::exit;
| #endif
| #define restrict __restrict__
| #define STDC_HEADERS 1
| #define HAVE_DIRENT_H 1
| #define HAVE_STDINT_H 1
| #define HAVE_UNISTD_H 1
| #define HAVE_SYS_TYPES_H 1
| #define HAVE_SYS_MMAN_H 1
| #define HAVE_SYS_STAT_H 1
| #define HAVE_SYS_PARAM_H 1
| #define HAVE_ZLIB_H 1
| #define HAVE_BYTESWAP_H 1
| #define HAVE_FNMATCH_H 1
| #define HAVE_STRCASECMP 1
| #define HAVE_STRNDUP 1
| #define off64_t _zzip_off_t
| #define __int64 long long
| /* end confdefs.h.  */
| #include "confdefs.h"
| #include <sys/types.h>
| 
| 
| int
| main ()
| {
| switch (0) case 0: case (sizeof (short) == 8):;
|   ;
|   return 0;
| }
configure:21698: gcc -c -g -O2 -I/home/taco/luatex-dev/luatex/src/libs/zziplib/../zlib conftest.c >&5
conftest.c: In function 'main':
conftest.c:48: error: duplicate case value
conftest.c:48: error: previously used here
configure:21704: $? = 1
configure: failed program was:
| /* confdefs.h.  */
| 
| #define PACKAGE_NAME ""
| #define PACKAGE_TARNAME ""
| #define PACKAGE_VERSION ""
| #define PACKAGE_STRING ""
| #define PACKAGE_BUGREPORT ""
| #define PACKAGE "zziplib"
| #define VERSION "0.13.47"
| #define STDC_HEADERS 1
| #define HAVE_SYS_TYPES_H 1
| #define HAVE_SYS_STAT_H 1
| #define HAVE_STDLIB_H 1
| #define HAVE_STRING_H 1
| #define HAVE_MEMORY_H 1
| #define HAVE_STRINGS_H 1
| #define HAVE_INTTYPES_H 1
| #define HAVE_STDINT_H 1
| #define HAVE_UNISTD_H 1
| #define HAVE_DLFCN_H 1
| #ifdef __cplusplus
| extern "C" void std::exit (int) throw (); using std::exit;
| #endif
| #define restrict __restrict__
| #define STDC_HEADERS 1
| #define HAVE_DIRENT_H 1
| #define HAVE_STDINT_H 1
| #define HAVE_UNISTD_H 1
| #define HAVE_SYS_TYPES_H 1
| #define HAVE_SYS_MMAN_H 1
| #define HAVE_SYS_STAT_H 1
| #define HAVE_SYS_PARAM_H 1
| #define HAVE_ZLIB_H 1
| #define HAVE_BYTESWAP_H 1
| #define HAVE_FNMATCH_H 1
| #define HAVE_STRCASECMP 1
| #define HAVE_STRNDUP 1
| #define off64_t _zzip_off_t
| #define __int64 long long
| /* end confdefs.h.  */
| #include "confdefs.h"
| #include <sys/types.h>
| 
| 
| int
| main ()
| {
| switch (0) case 0: case (sizeof (short) == 1):;
|   ;
|   return 0;
| }
configure:21698: gcc -c -g -O2 -I/home/taco/luatex-dev/luatex/src/libs/zziplib/../zlib conftest.c >&5
configure:21704: $? = 0
configure:21708: test -z 
			 || test ! -s conftest.err
configure:21711: $? = 0
configure:21714: test -s conftest.o
configure:21717: $? = 0
configure:21736: result: 2
configure:21744: checking size of int
configure:21769: gcc -c -g -O2 -I/home/taco/luatex-dev/luatex/src/libs/zziplib/../zlib conftest.c >&5
configure:21775: $? = 0
configure:21779: test -z 
			 || test ! -s conftest.err
configure:21782: $? = 0
configure:21785: test -s conftest.o
configure:21788: $? = 0
configure:21807: result: 4
configure:21815: checking size of long
configure:21840: gcc -c -g -O2 -I/home/taco/luatex-dev/luatex/src/libs/zziplib/../zlib conftest.c >&5
configure:21846: $? = 0
configure:21850: test -z 
			 || test ! -s conftest.err
configure:21853: $? = 0
configure:21856: test -s conftest.o
configure:21859: $? = 0
configure:21878: result: 4
configure:21886: checking whether byte ordering is bigendian
configure:21913: gcc -c -g -O2 -I/home/taco/luatex-dev/luatex/src/libs/zziplib/../zlib conftest.c >&5
configure:21919: $? = 0
configure:21923: test -z 
			 || test ! -s conftest.err
configure:21926: $? = 0
configure:21929: test -s conftest.o
configure:21932: $? = 0
configure:21956: gcc -c -g -O2 -I/home/taco/luatex-dev/luatex/src/libs/zziplib/../zlib conftest.c >&5
conftest.c: In function 'main':
conftest.c:51: error: 'not' undeclared (first use in this function)
conftest.c:51: error: (Each undeclared identifier is reported only once
conftest.c:51: error: for each function it appears in.)
conftest.c:51: error: syntax error before 'big'
configure:21962: $? = 1
configure: failed program was:
| /* confdefs.h.  */
| 
| #define PACKAGE_NAME ""
| #define PACKAGE_TARNAME ""
| #define PACKAGE_VERSION ""
| #define PACKAGE_STRING ""
| #define PACKAGE_BUGREPORT ""
| #define PACKAGE "zziplib"
| #define VERSION "0.13.47"
| #define STDC_HEADERS 1
| #define HAVE_SYS_TYPES_H 1
| #define HAVE_SYS_STAT_H 1
| #define HAVE_STDLIB_H 1
| #define HAVE_STRING_H 1
| #define HAVE_MEMORY_H 1
| #define HAVE_STRINGS_H 1
| #define HAVE_INTTYPES_H 1
| #define HAVE_STDINT_H 1
| #define HAVE_UNISTD_H 1
| #define HAVE_DLFCN_H 1
| #ifdef __cplusplus
| extern "C" void std::exit (int) throw (); using std::exit;
| #endif
| #define restrict __restrict__
| #define STDC_HEADERS 1
| #define HAVE_DIRENT_H 1
| #define HAVE_STDINT_H 1
| #define HAVE_UNISTD_H 1
| #define HAVE_SYS_TYPES_H 1
| #define HAVE_SYS_MMAN_H 1
| #define HAVE_SYS_STAT_H 1
| #define HAVE_SYS_PARAM_H 1
| #define HAVE_ZLIB_H 1
| #define HAVE_BYTESWAP_H 1
| #define HAVE_FNMATCH_H 1
| #define HAVE_STRCASECMP 1
| #define HAVE_STRNDUP 1
| #define off64_t _zzip_off_t
| #define __int64 long long
| #define SIZEOF_SHORT 2
| #define SIZEOF_INT 4
| #define SIZEOF_LONG 4
| /* end confdefs.h.  */
| #include <sys/types.h>
| #include <sys/param.h>
| 
| int
| main ()
| {
| #if BYTE_ORDER != BIG_ENDIAN
|  not big endian
| #endif
| 
|   ;
|   return 0;
| }
configure:22097: result: no
configure:22124: checking for special C compiler options needed for large files
configure:22223: result: no
configure:22229: checking for _FILE_OFFSET_BITS value needed for large files
configure:22260: gcc -c -g -O2 -I/home/taco/luatex-dev/luatex/src/libs/zziplib/../zlib conftest.c >&5
conftest.c:50: warning: left shift count >= width of type
conftest.c:50: warning: left shift count >= width of type
conftest.c:52: error: size of array 'off_t_is_large' is negative
configure:22266: $? = 1
configure: failed program was:
| /* confdefs.h.  */
| 
| #define PACKAGE_NAME ""
| #define PACKAGE_TARNAME ""
| #define PACKAGE_VERSION ""
| #define PACKAGE_STRING ""
| #define PACKAGE_BUGREPORT ""
| #define PACKAGE "zziplib"
| #define VERSION "0.13.47"
| #define STDC_HEADERS 1
| #define HAVE_SYS_TYPES_H 1
| #define HAVE_SYS_STAT_H 1
| #define HAVE_STDLIB_H 1
| #define HAVE_STRING_H 1
| #define HAVE_MEMORY_H 1
| #define HAVE_STRINGS_H 1
| #define HAVE_INTTYPES_H 1
| #define HAVE_STDINT_H 1
| #define HAVE_UNISTD_H 1
| #define HAVE_DLFCN_H 1
| #ifdef __cplusplus
| extern "C" void std::exit (int) throw (); using std::exit;
| #endif
| #define restrict __restrict__
| #define STDC_HEADERS 1
| #define HAVE_DIRENT_H 1
| #define HAVE_STDINT_H 1
| #define HAVE_UNISTD_H 1
| #define HAVE_SYS_TYPES_H 1
| #define HAVE_SYS_MMAN_H 1
| #define HAVE_SYS_STAT_H 1
| #define HAVE_SYS_PARAM_H 1
| #define HAVE_ZLIB_H 1
| #define HAVE_BYTESWAP_H 1
| #define HAVE_FNMATCH_H 1
| #define HAVE_STRCASECMP 1
| #define HAVE_STRNDUP 1
| #define off64_t _zzip_off_t
| #define __int64 long long
| #define SIZEOF_SHORT 2
| #define SIZEOF_INT 4
| #define SIZEOF_LONG 4
| /* end confdefs.h.  */
| #include <sys/types.h>
|  /* Check that off_t can represent 2**63 - 1 correctly.
|     We can't simply define LARGE_OFF_T to be 9223372036854775807,
|     since some C++ compilers masquerading as C compilers
|     incorrectly reject 9223372036854775807.  */
| #define LARGE_OFF_T (((off_t) 1 << 62) - 1 + ((off_t) 1 << 62))
|   int off_t_is_large[(LARGE_OFF_T % 2147483629 == 721
| 		       && LARGE_OFF_T % 2147483647 == 1)
| 		      ? 1 : -1];
| int
| main ()
| {
| 
|   ;
|   return 0;
| }
configure:22313: gcc -c -g -O2 -I/home/taco/luatex-dev/luatex/src/libs/zziplib/../zlib conftest.c >&5
configure:22319: $? = 0
configure:22323: test -z 
			 || test ! -s conftest.err
configure:22326: $? = 0
configure:22329: test -s conftest.o
configure:22332: $? = 0
configure:22344: result: 64
configure:22354: checking for _LARGE_FILES value needed for large files
configure:22385: gcc -c -g -O2 -I/home/taco/luatex-dev/luatex/src/libs/zziplib/../zlib conftest.c >&5
configure:22391: $? = 0
configure:22395: test -z 
			 || test ! -s conftest.err
configure:22398: $? = 0
configure:22401: test -s conftest.o
configure:22404: $? = 0
configure:22469: result: no
configure:22482: checking whether system differentiates 64bit off_t by defines
configure:22493: result: yes
configure:22519: result: compiles library as 32bit off_t variant - largefile is not the default here
configure:22523: checking for zlib being found
configure:22560: result: yes - 1.2.3
configure:22563: checking docdir default
configure:22587: result: ${datadir}/doc
configure:22590: checking whether using debugging messages in libraries
configure:22610: result: no
configure:22618: checking whether thread stack is too small for bufsiz buffers
configure:22644: result: no
configure:22647: checking whether can use mmap for file scanning
configure:22672: result: yes, sys/mman.h
configure:22679: checking whether making SDL parts
configure:22690: result: no, disabled
configure:22707: checking running extra tests on make check
configure:22710: result: yes
configure:22720: checking link options
configure:22732: result: --export-dynamic  # 
configure:22737: checking auto silent in maintainer mode
configure:22746: result: libtool-silent, auto-sleep-9
configure:22757: checking CFLAGS frame-pointer
configure:22769: result: no, -fomit-frame-pointer added
configure:22779: checking CFLAGS for maximum warnings
configure:22812: gcc -c  -O2 -D_USE_MMAP  -fomit-frame-pointer -pedantic  -Wall -I/home/taco/luatex-dev/luatex/src/libs/zziplib/../zlib conftest.c >&5
configure:22818: $? = 0
configure:22822: test -z 
			 || test ! -s conftest.err
configure:22825: $? = 0
configure:22828: test -s conftest.o
configure:22831: $? = 0
configure:22850: result: -Wall
configure:22863: : CFLAGS="$CFLAGS $ac_cv_cflags_warn_all"
configure:22866: $? = 0
configure:22873: checking CFLAGS making strings readonly
configure:22911: gcc -c  -O2 -D_USE_MMAP  -fomit-frame-pointer -Wall -Wall  -fno-writable-strings -Wwrite-strings -I/home/taco/luatex-dev/luatex/src/libs/zziplib/../zlib conftest.c >&5
cc1: error: unrecognized command line option "-fno-writable-strings"
configure:22917: $? = 1
configure: failed program was:
| /* confdefs.h.  */
| 
| #define PACKAGE_NAME ""
| #define PACKAGE_TARNAME ""
| #define PACKAGE_VERSION ""
| #define PACKAGE_STRING ""
| #define PACKAGE_BUGREPORT ""
| #define PACKAGE "zziplib"
| #define VERSION "0.13.47"
| #define STDC_HEADERS 1
| #define HAVE_SYS_TYPES_H 1
| #define HAVE_SYS_STAT_H 1
| #define HAVE_STDLIB_H 1
| #define HAVE_STRING_H 1
| #define HAVE_MEMORY_H 1
| #define HAVE_STRINGS_H 1
| #define HAVE_INTTYPES_H 1
| #define HAVE_STDINT_H 1
| #define HAVE_UNISTD_H 1
| #define HAVE_DLFCN_H 1
| #ifdef __cplusplus
| extern "C" void std::exit (int) throw (); using std::exit;
| #endif
| #define restrict __restrict__
| #define STDC_HEADERS 1
| #define HAVE_DIRENT_H 1
| #define HAVE_STDINT_H 1
| #define HAVE_UNISTD_H 1
| #define HAVE_SYS_TYPES_H 1
| #define HAVE_SYS_MMAN_H 1
| #define HAVE_SYS_STAT_H 1
| #define HAVE_SYS_PARAM_H 1
| #define HAVE_ZLIB_H 1
| #define HAVE_BYTESWAP_H 1
| #define HAVE_FNMATCH_H 1
| #define HAVE_STRCASECMP 1
| #define HAVE_STRNDUP 1
| #define off64_t _zzip_off_t
| #define __int64 long long
| #define SIZEOF_SHORT 2
| #define SIZEOF_INT 4
| #define SIZEOF_LONG 4
| #define _FILE_OFFSET_BITS 64
| #define LARGEFILE_SENSITIVE 1
| /* end confdefs.h.  */
| 
| int
| main ()
| {
| return 0;
|   ;
|   return 0;
| }
configure:22911: gcc -c  -O2 -D_USE_MMAP  -fomit-frame-pointer -Wall -v -Xc  -xstrconst -I/home/taco/luatex-dev/luatex/src/libs/zziplib/../zlib conftest.c >&5
Using built-in specs.
gcc: unrecognized option '-Xc'
Target: i586-mandriva-linux-gnu
Configured with: ../configure --prefix=/usr --libexecdir=/usr/lib --with-slibdir=/lib --mandir=/usr/share/man --infodir=/usr/share/info --enable-shared --enable-threads=posix --disable-checking --enable-languages=c,c++,ada,f95,objc,java --host=i586-mandriva-linux-gnu --with-system-zlib --enable-long-long --enable-__cxa_atexit --enable-clocale=gnu --disable-libunwind-exceptions --enable-java-awt=gtk --with-java-home=/usr/lib/jvm/java-1.4.2-gcj-1.4.2.0/jre --enable-gtk-cairo --disable-libjava-multilib
Thread model: posix
gcc version 4.0.1 (4.0.1-5mdk for Mandriva Linux release 2006.0)
gcc: language strconst not recognized
gcc: language strconst not recognized
gcc: conftest.c: linker input file unused because linking not done
configure:22917: $? = 0
configure:22921: test -z 
			 || test ! -s conftest.err
configure:22924: $? = 0
configure:22927: test -s conftest.o
configure:22930: $? = 1
configure: failed program was:
| /* confdefs.h.  */
| 
| #define PACKAGE_NAME ""
| #define PACKAGE_TARNAME ""
| #define PACKAGE_VERSION ""
| #define PACKAGE_STRING ""
| #define PACKAGE_BUGREPORT ""
| #define PACKAGE "zziplib"
| #define VERSION "0.13.47"
| #define STDC_HEADERS 1
| #define HAVE_SYS_TYPES_H 1
| #define HAVE_SYS_STAT_H 1
| #define HAVE_STDLIB_H 1
| #define HAVE_STRING_H 1
| #define HAVE_MEMORY_H 1
| #define HAVE_STRINGS_H 1
| #define HAVE_INTTYPES_H 1
| #define HAVE_STDINT_H 1
| #define HAVE_UNISTD_H 1
| #define HAVE_DLFCN_H 1
| #ifdef __cplusplus
| extern "C" void std::exit (int) throw (); using std::exit;
| #endif
| #define restrict __restrict__
| #define STDC_HEADERS 1
| #define HAVE_DIRENT_H 1
| #define HAVE_STDINT_H 1
| #define HAVE_UNISTD_H 1
| #define HAVE_SYS_TYPES_H 1
| #define HAVE_SYS_MMAN_H 1
| #define HAVE_SYS_STAT_H 1
| #define HAVE_SYS_PARAM_H 1
| #define HAVE_ZLIB_H 1
| #define HAVE_BYTESWAP_H 1
| #define HAVE_FNMATCH_H 1
| #define HAVE_STRCASECMP 1
| #define HAVE_STRNDUP 1
| #define off64_t _zzip_off_t
| #define __int64 long long
| #define SIZEOF_SHORT 2
| #define SIZEOF_INT 4
| #define SIZEOF_LONG 4
| #define _FILE_OFFSET_BITS 64
| #define LARGEFILE_SENSITIVE 1
| /* end confdefs.h.  */
| 
| int
| main ()
| {
| return 0;
|   ;
|   return 0;
| }
configure:22911: gcc -c  -O2 -D_USE_MMAP  -fomit-frame-pointer -Wall +w1 -Aa  +ESlit -I/home/taco/luatex-dev/luatex/src/libs/zziplib/../zlib conftest.c >&5
gcc: +w1: No such file or directory
gcc: +ESlit: No such file or directory
<command line>:1:2: error: missing '(' after predicate
configure:22917: $? = 1
configure: failed program was:
| /* confdefs.h.  */
| 
| #define PACKAGE_NAME ""
| #define PACKAGE_TARNAME ""
| #define PACKAGE_VERSION ""
| #define PACKAGE_STRING ""
| #define PACKAGE_BUGREPORT ""
| #define PACKAGE "zziplib"
| #define VERSION "0.13.47"
| #define STDC_HEADERS 1
| #define HAVE_SYS_TYPES_H 1
| #define HAVE_SYS_STAT_H 1
| #define HAVE_STDLIB_H 1
| #define HAVE_STRING_H 1
| #define HAVE_MEMORY_H 1
| #define HAVE_STRINGS_H 1
| #define HAVE_INTTYPES_H 1
| #define HAVE_STDINT_H 1
| #define HAVE_UNISTD_H 1
| #define HAVE_DLFCN_H 1
| #ifdef __cplusplus
| extern "C" void std::exit (int) throw (); using std::exit;
| #endif
| #define restrict __restrict__
| #define STDC_HEADERS 1
| #define HAVE_DIRENT_H 1
| #define HAVE_STDINT_H 1
| #define HAVE_UNISTD_H 1
| #define HAVE_SYS_TYPES_H 1
| #define HAVE_SYS_MMAN_H 1
| #define HAVE_SYS_STAT_H 1
| #define HAVE_SYS_PARAM_H 1
| #define HAVE_ZLIB_H 1
| #define HAVE_BYTESWAP_H 1
| #define HAVE_FNMATCH_H 1
| #define HAVE_STRCASECMP 1
| #define HAVE_STRNDUP 1
| #define off64_t _zzip_off_t
| #define __int64 long long
| #define SIZEOF_SHORT 2
| #define SIZEOF_INT 4
| #define SIZEOF_LONG 4
| #define _FILE_OFFSET_BITS 64
| #define LARGEFILE_SENSITIVE 1
| /* end confdefs.h.  */
| 
| int
| main ()
| {
| return 0;
|   ;
|   return 0;
| }
configure:22911: gcc -c  -O2 -D_USE_MMAP  -fomit-frame-pointer -Wall -w0 -std1  -readonly_strings -I/home/taco/luatex-dev/luatex/src/libs/zziplib/../zlib conftest.c >&5
gcc: unrecognized option '-w0'
gcc: unrecognized option '-readonly_strings'
cc1: error: unrecognized command line option "-std1"
configure:22917: $? = 1
configure: failed program was:
| /* confdefs.h.  */
| 
| #define PACKAGE_NAME ""
| #define PACKAGE_TARNAME ""
| #define PACKAGE_VERSION ""
| #define PACKAGE_STRING ""
| #define PACKAGE_BUGREPORT ""
| #define PACKAGE "zziplib"
| #define VERSION "0.13.47"
| #define STDC_HEADERS 1
| #define HAVE_SYS_TYPES_H 1
| #define HAVE_SYS_STAT_H 1
| #define HAVE_STDLIB_H 1
| #define HAVE_STRING_H 1
| #define HAVE_MEMORY_H 1
| #define HAVE_STRINGS_H 1
| #define HAVE_INTTYPES_H 1
| #define HAVE_STDINT_H 1
| #define HAVE_UNISTD_H 1
| #define HAVE_DLFCN_H 1
| #ifdef __cplusplus
| extern "C" void std::exit (int) throw (); using std::exit;
| #endif
| #define restrict __restrict__
| #define STDC_HEADERS 1
| #define HAVE_DIRENT_H 1
| #define HAVE_STDINT_H 1
| #define HAVE_UNISTD_H 1
| #define HAVE_SYS_TYPES_H 1
| #define HAVE_SYS_MMAN_H 1
| #define HAVE_SYS_STAT_H 1
| #define HAVE_SYS_PARAM_H 1
| #define HAVE_ZLIB_H 1
| #define HAVE_BYTESWAP_H 1
| #define HAVE_FNMATCH_H 1
| #define HAVE_STRCASECMP 1
| #define HAVE_STRNDUP 1
| #define off64_t _zzip_off_t
| #define __int64 long long
| #define SIZEOF_SHORT 2
| #define SIZEOF_INT 4
| #define SIZEOF_LONG 4
| #define _FILE_OFFSET_BITS 64
| #define LARGEFILE_SENSITIVE 1
| /* end confdefs.h.  */
| 
| int
| main ()
| {
| return 0;
|   ;
|   return 0;
| }
configure:22911: gcc -c  -O2 -D_USE_MMAP  -fomit-frame-pointer -Wall -fullwarn -use_readonly_const  -I/home/taco/luatex-dev/luatex/src/libs/zziplib/../zlib conftest.c >&5
cc1: error: unrecognized command line option "-fullwarn"
configure:22917: $? = 1
configure: failed program was:
| /* confdefs.h.  */
| 
| #define PACKAGE_NAME ""
| #define PACKAGE_TARNAME ""
| #define PACKAGE_VERSION ""
| #define PACKAGE_STRING ""
| #define PACKAGE_BUGREPORT ""
| #define PACKAGE "zziplib"
| #define VERSION "0.13.47"
| #define STDC_HEADERS 1
| #define HAVE_SYS_TYPES_H 1
| #define HAVE_SYS_STAT_H 1
| #define HAVE_STDLIB_H 1
| #define HAVE_STRING_H 1
| #define HAVE_MEMORY_H 1
| #define HAVE_STRINGS_H 1
| #define HAVE_INTTYPES_H 1
| #define HAVE_STDINT_H 1
| #define HAVE_UNISTD_H 1
| #define HAVE_DLFCN_H 1
| #ifdef __cplusplus
| extern "C" void std::exit (int) throw (); using std::exit;
| #endif
| #define restrict __restrict__
| #define STDC_HEADERS 1
| #define HAVE_DIRENT_H 1
| #define HAVE_STDINT_H 1
| #define HAVE_UNISTD_H 1
| #define HAVE_SYS_TYPES_H 1
| #define HAVE_SYS_MMAN_H 1
| #define HAVE_SYS_STAT_H 1
| #define HAVE_SYS_PARAM_H 1
| #define HAVE_ZLIB_H 1
| #define HAVE_BYTESWAP_H 1
| #define HAVE_FNMATCH_H 1
| #define HAVE_STRCASECMP 1
| #define HAVE_STRNDUP 1
| #define off64_t _zzip_off_t
| #define __int64 long long
| #define SIZEOF_SHORT 2
| #define SIZEOF_INT 4
| #define SIZEOF_LONG 4
| #define _FILE_OFFSET_BITS 64
| #define LARGEFILE_SENSITIVE 1
| /* end confdefs.h.  */
| 
| int
| main ()
| {
| return 0;
|   ;
|   return 0;
| }
configure:23004: result: no, unknown
configure:23027: checking CFLAGS for strict prototypes
configure:23060: gcc -c  -O2 -D_USE_MMAP  -fomit-frame-pointer -Wall -Wall  -fstrict-prototypes -Wstrict-prototypes -I/home/taco/luatex-dev/luatex/src/libs/zziplib/../zlib conftest.c >&5
cc1: error: unrecognized command line option "-fstrict-prototypes"
configure:23066: $? = 1
configure: failed program was:
| /* confdefs.h.  */
| 
| #define PACKAGE_NAME ""
| #define PACKAGE_TARNAME ""
| #define PACKAGE_VERSION ""
| #define PACKAGE_STRING ""
| #define PACKAGE_BUGREPORT ""
| #define PACKAGE "zziplib"
| #define VERSION "0.13.47"
| #define STDC_HEADERS 1
| #define HAVE_SYS_TYPES_H 1
| #define HAVE_SYS_STAT_H 1
| #define HAVE_STDLIB_H 1
| #define HAVE_STRING_H 1
| #define HAVE_MEMORY_H 1
| #define HAVE_STRINGS_H 1
| #define HAVE_INTTYPES_H 1
| #define HAVE_STDINT_H 1
| #define HAVE_UNISTD_H 1
| #define HAVE_DLFCN_H 1
| #ifdef __cplusplus
| extern "C" void std::exit (int) throw (); using std::exit;
| #endif
| #define restrict __restrict__
| #define STDC_HEADERS 1
| #define HAVE_DIRENT_H 1
| #define HAVE_STDINT_H 1
| #define HAVE_UNISTD_H 1
| #define HAVE_SYS_TYPES_H 1
| #define HAVE_SYS_MMAN_H 1
| #define HAVE_SYS_STAT_H 1
| #define HAVE_SYS_PARAM_H 1
| #define HAVE_ZLIB_H 1
| #define HAVE_BYTESWAP_H 1
| #define HAVE_FNMATCH_H 1
| #define HAVE_STRCASECMP 1
| #define HAVE_STRNDUP 1
| #define off64_t _zzip_off_t
| #define __int64 long long
| #define SIZEOF_SHORT 2
| #define SIZEOF_INT 4
| #define SIZEOF_LONG 4
| #define _FILE_OFFSET_BITS 64
| #define LARGEFILE_SENSITIVE 1
| /* end confdefs.h.  */
| 
| int
| main ()
| {
| return 0;
|   ;
|   return 0;
| }
configure:23060: gcc -c  -O2 -D_USE_MMAP  -fomit-frame-pointer -Wall -Wall  -Wstrict-prototypes -I/home/taco/luatex-dev/luatex/src/libs/zziplib/../zlib conftest.c >&5
conftest.c:49: warning: function declaration isn't a prototype
configure:23066: $? = 0
configure:23070: test -z 
			 || test ! -s conftest.err
configure:23073: $? = 0
configure:23076: test -s conftest.o
configure:23079: $? = 0
configure:23111: gcc -c  -O2 -D_USE_MMAP  -fomit-frame-pointer -Wall -Wall  -Wstrict-prototypes -I/home/taco/luatex-dev/luatex/src/libs/zziplib/../zlib conftest.c >&5
conftest.c:49: warning: function declaration isn't a prototype
configure:23117: $? = 0
configure:23121: test -z 
			 || test ! -s conftest.err
configure:23124: $? = 0
configure:23127: test -s conftest.o
configure:23130: $? = 0
configure:23154: result: -Wstrict-prototypes
configure:23167: : CFLAGS="$CFLAGS $ac_cv_cflags_strict_prototypes"
configure:23170: $? = 0
configure:23177: checking CFLAGS for gcc -Wpointer-arith
configure:23210: gcc -c  -O2 -D_USE_MMAP  -fomit-frame-pointer -Wall -Wstrict-prototypes -pedantic  -Wpointer-arith -I/home/taco/luatex-dev/luatex/src/libs/zziplib/../zlib conftest.c >&5
conftest.c:49: warning: function declaration isn't a prototype
configure:23216: $? = 0
configure:23220: test -z 
			 || test ! -s conftest.err
configure:23223: $? = 0
configure:23226: test -s conftest.o
configure:23229: $? = 0
configure:23248: result: -Wpointer-arith
configure:23260: : CFLAGS="$CFLAGS $ac_cv_cflags_gcc_option__Wpointer_arith"
configure:23263: $? = 0
configure:23270: checking CFLAGS for gcc -Wsign-compare
configure:23303: gcc -c  -O2 -D_USE_MMAP  -fomit-frame-pointer -Wall -Wstrict-prototypes -Wpointer-arith -pedantic  -Wsign-compare -I/home/taco/luatex-dev/luatex/src/libs/zziplib/../zlib conftest.c >&5
conftest.c:49: warning: function declaration isn't a prototype
configure:23309: $? = 0
configure:23313: test -z 
			 || test ! -s conftest.err
configure:23316: $? = 0
configure:23319: test -s conftest.o
configure:23322: $? = 0
configure:23341: result: -Wsign-compare
configure:23353: : CFLAGS="$CFLAGS $ac_cv_cflags_gcc_option__Wsign_compare"
configure:23356: $? = 0
configure:23363: checking CFLAGS for gcc -Wmissing-declarations
configure:23396: gcc -c  -O2 -D_USE_MMAP  -fomit-frame-pointer -Wall -Wstrict-prototypes -Wpointer-arith -Wsign-compare -pedantic  -Wmissing-declarations -I/home/taco/luatex-dev/luatex/src/libs/zziplib/../zlib conftest.c >&5
conftest.c:49: warning: function declaration isn't a prototype
configure:23402: $? = 0
configure:23406: test -z 
			 || test ! -s conftest.err
configure:23409: $? = 0
configure:23412: test -s conftest.o
configure:23415: $? = 0
configure:23434: result: -Wmissing-declarations
configure:23446: : CFLAGS="$CFLAGS $ac_cv_cflags_gcc_option__Wmissing_declarations"
configure:23449: $? = 0
configure:23557: checking for pkg-config
configure:23575: found /usr/bin/pkg-config
configure:23588: result: /usr/bin/pkg-config
configure:23633: : last pkgconfig dir is assumed as "$ax_warning_default_pkgconfig_dir"
configure:23636: $? = 0
configure:23645: : test ".$ax_warning_default_pkgconfig_loc" = ".$ax_warning_default_pkgconfig_dir"
configure:23648: $? = 0
configure:23653: warning: pkgconfigdir=/usr/local/lib/pkgconfig (see config.log)
configure:23655: perhaps: make install pkgconfigdir=/usr/lib/pkgconfig
 pkgconfigdir:  the default pkgconfigdir of /usr/local/lib/pkgconfig
 pkgconfigdir:  is not listed in the dirlist where pkg-config will look for
 pkgconfigdir:  package-configs - you can override the install-path using
 pkgconfigdir:  make install pkgconfigdir=/usr/lib/pkgconfig
 pkgconfigdir:  or set/append the directory to the environment variable
 pkgconfigdir:  PKG_CONFIG_PATH="/usr/local/lib/pkgconfig"
configure:23783: : test "$ax_warning_default_aclocal_loc" = "$ax_warning_default_aclocal_dir"
configure:23786: $? = 0
configure:23800: warning: aclocaldir=/usr/local/share/aclocal (see config.log)
configure:23802: perhaps: make install aclocaldir=/usr/share/aclocal
  aclocaldir:   the default aclocaldir of /usr/local/share/aclocal
  aclocaldir:   is not listed in the dirlist where aclocal will look
  aclocaldir:   for macros - you can override the install-path using
  aclocaldir:   make install aclocaldir=/usr/share/aclocal
  aclocaldir:   or append the directory to aclocal reconfigures later as
  aclocaldir:   aclocal -I /usr/local/share/aclocal
  aclocaldir:   when an autoconf macro is needed from that directory
configure:23944: creating ./config.status

## ---------------------- ##
## Running config.status. ##
## ---------------------- ##

This file was extended by config.status, which was
generated by GNU Autoconf 2.59.  Invocation command line was

  CONFIG_FILES    = 
  CONFIG_HEADERS  = 
  CONFIG_LINKS    = 
  CONFIG_COMMANDS = 
  $ ./config.status 

on glenlivet.elvenkind.com

config.status:790: creating Makefile
config.status:790: creating zzip/Makefile
config.status:790: creating zzipwrap/Makefile
config.status:790: creating SDL/Makefile
config.status:790: creating docs/Makefile
config.status:790: creating test/Makefile
config.status:790: creating bins/Makefile
config.status:894: creating config.h
config.status:1242: executing buildir commands
config.status:1255: create top_srcdir/Makefile guessed from local Makefile
config.status:1290: extend top_srcdir/Makefile with top_srcdir/Makefile.mk
config.status:1294: make uses BUILD=no (on :)
config.status:1242: executing depfiles commands
config.status:1242: executing zzip/_config.h commands
config.status:1416: creating zzip/_config.h - prefix ZZIP for config.h defines
config.status:1242: executing zzip/_msvc.h commands
config.status:1523: creating zzip/_msvc.h - prefix ZZIP for zzip/_msvc.in defines
config.status:1545: zzip/_msvc.h is unchanged
config.status:1242: executing zzip/zziplib.pc commands
config.status:1606: creating zzip/zziplib.pc.in
config.status:1628: creating zzip/zziplib.pc
config.status:1655: creating zzip/zziplib-uninstalled.pc
config.status:1686: creating zzip/zziplib-uninstalled.sh

## ---------------- ##
## Cache variables. ##
## ---------------- ##

ac_cv_build=i686-pc-linux
ac_cv_build_alias=i686-pc-linux
ac_cv_c_bigendian=no
ac_cv_c_compiler_gnu=yes
ac_cv_c_const=yes
ac_cv_c_inline=inline
ac_cv_cflags_gcc_option__Wmissing_declarations=-Wmissing-declarations
ac_cv_cflags_gcc_option__Wpointer_arith=-Wpointer-arith
ac_cv_cflags_gcc_option__Wsign_compare=-Wsign-compare
ac_cv_cflags_no_writable_strings='no, unknown'
ac_cv_cflags_strict_prototypes=-Wstrict-prototypes
ac_cv_cflags_warn_all=-Wall
ac_cv_cxx_compiler_gnu=yes
ac_cv_env_CC_set=
ac_cv_env_CC_value=
ac_cv_env_CFLAGS_set=
ac_cv_env_CFLAGS_value=
ac_cv_env_CPPFLAGS_set=set
ac_cv_env_CPPFLAGS_value=-I/home/taco/luatex-dev/luatex/src/libs/zziplib/../zlib
ac_cv_env_CPP_set=
ac_cv_env_CPP_value=
ac_cv_env_CXXCPP_set=
ac_cv_env_CXXCPP_value=
ac_cv_env_CXXFLAGS_set=
ac_cv_env_CXXFLAGS_value=
ac_cv_env_CXX_set=
ac_cv_env_CXX_value=
ac_cv_env_F77_set=
ac_cv_env_F77_value=
ac_cv_env_FFLAGS_set=
ac_cv_env_FFLAGS_value=
ac_cv_env_LDFLAGS_set=
ac_cv_env_LDFLAGS_value=
ac_cv_env_build_alias_set=
ac_cv_env_build_alias_value=
ac_cv_env_host_alias_set=
ac_cv_env_host_alias_value=
ac_cv_env_target_alias_set=
ac_cv_env_target_alias_value=
ac_cv_exeext=
ac_cv_f77_compiler_gnu=no
ac_cv_func_strcasecmp=yes
ac_cv_func_strndup=yes
ac_cv_header_byteswap_h=yes
ac_cv_header_direct_h=no
ac_cv_header_dirent_dirent_h=yes
ac_cv_header_dlfcn_h=yes
ac_cv_header_fnmatch_h=yes
ac_cv_header_inttypes_h=yes
ac_cv_header_io_h=no
ac_cv_header_memory_h=yes
ac_cv_header_stdc=yes
ac_cv_header_stdint_h=yes
ac_cv_header_stdlib_h=yes
ac_cv_header_string_h=yes
ac_cv_header_strings_h=yes
ac_cv_header_sys_int_types_h=no
ac_cv_header_sys_mman_h=yes
ac_cv_header_sys_param_h=yes
ac_cv_header_sys_stat_h=yes
ac_cv_header_sys_types_h=yes
ac_cv_header_unistd_h=yes
ac_cv_header_winbase_h=no
ac_cv_header_windows_h=no
ac_cv_header_winnt_h=no
ac_cv_header_zlib_h=yes
ac_cv_host=i686-pc-linux
ac_cv_host_alias=i686-pc-linux
ac_cv_objext=o
ac_cv_path_MKZIP=/usr/bin/zip
ac_cv_path_PERL=/usr/bin/perl5
ac_cv_path_PKG_CONFIG=/usr/bin/pkg-config
ac_cv_path_PYTHON=/usr/bin/python
ac_cv_path_ax_enable_builddir_sed=sed
ac_cv_path_install='/usr/bin/install -c'
ac_cv_prog_AWK=gawk
ac_cv_prog_CPP='gcc -E'
ac_cv_prog_CXXCPP='g++ -E'
ac_cv_prog_ac_ct_AR=ar
ac_cv_prog_ac_ct_CC=gcc
ac_cv_prog_ac_ct_CXX=g++
ac_cv_prog_ac_ct_RANLIB=ranlib
ac_cv_prog_ac_ct_STRIP=strip
ac_cv_prog_cc_g=yes
ac_cv_prog_cc_stdc=
ac_cv_prog_cxx_g=yes
ac_cv_prog_egrep='grep -E'
ac_cv_prog_f77_g=no
ac_cv_prog_make_make_set=yes
ac_cv_search_opendir='none required'
ac_cv_sizeof_int=4
ac_cv_sizeof_long=4
ac_cv_sizeof_short=2
ac_cv_sys_file_offset_bits=64
ac_cv_sys_large_files=no
ac_cv_sys_largefile_CC=no
ac_cv_sys_largefile_sensitive=yes
ac_cv_target=i686-pc-linux
ac_cv_target_alias=i686-pc-linux
ac_cv_type___int64=no
ac_cv_type_off64_t=no
ac_cv_type_off_t=yes
ac_cv_type_size_t=yes
ac_cv_type_ssize_t=yes
acx_cv_c_restrict=__restrict__
am_cv_CC_dependencies_compiler_type=gcc3
am_cv_CXX_dependencies_compiler_type=gcc3
lt_cv_deplibs_check_method=pass_all
lt_cv_file_magic_cmd='$MAGIC_CMD'
lt_cv_file_magic_test_file=
lt_cv_ld_reload_flag=-r
lt_cv_objdir=.libs
lt_cv_path_LD=/usr/bin/ld
lt_cv_path_LDCXX=/usr/bin/ld
lt_cv_path_NM='/usr/bin/nm -B'
lt_cv_path_SED=/bin/sed
lt_cv_prog_compiler_c_o=yes
lt_cv_prog_compiler_c_o_CXX=yes
lt_cv_prog_compiler_rtti_exceptions=no
lt_cv_prog_gnu_ld=yes
lt_cv_prog_gnu_ldcxx=yes
lt_cv_sys_global_symbol_pipe='sed -n -e '\''s/^.*[ 	]\([ABCDGIRSTW][ABCDGIRSTW]*\)[ 	][ 	]*\([_A-Za-z][_A-Za-z0-9]*\)$/\1 \2 \2/p'\'''
lt_cv_sys_global_symbol_to_c_name_address='sed -n -e '\''s/^: \([^ ]*\) $/  {\"\1\", (lt_ptr) 0},/p'\'' -e '\''s/^[BCDEGRST] \([^ ]*\) \([^ ]*\)$/  {"\2", (lt_ptr) \&\2},/p'\'''
lt_cv_sys_global_symbol_to_cdecl='sed -n -e '\''s/^. .* \(.*\)$/extern int \1;/p'\'''
lt_cv_sys_max_cmd_len=32768
lt_lt_cv_prog_compiler_c_o='"yes"'
lt_lt_cv_prog_compiler_c_o_CXX='"yes"'
lt_lt_cv_sys_global_symbol_pipe='"sed -n -e '\''s/^.*[ 	]\\([ABCDGIRSTW][ABCDGIRSTW]*\\)[ 	][ 	]*\\([_A-Za-z][_A-Za-z0-9]*\\)\$/\\1 \\2 \\2/p'\''"'
lt_lt_cv_sys_global_symbol_to_c_name_address='"sed -n -e '\''s/^: \\([^ ]*\\) \$/  {\\\"\\1\\\", (lt_ptr) 0},/p'\'' -e '\''s/^[BCDEGRST] \\([^ ]*\\) \\([^ ]*\\)\$/  {\"\\2\", (lt_ptr) \\&\\2},/p'\''"'
lt_lt_cv_sys_global_symbol_to_cdecl='"sed -n -e '\''s/^. .* \\(.*\\)\$/extern int \\1;/p'\''"'

## ----------------- ##
## Output variables. ##
## ----------------- ##

ACLOCAL='${SHELL} /home/taco/luatex-dev/luatex/src/libs/zziplib/uses/missing --run aclocal-1.9'
AMDEPBACKSLASH='\'
AMDEP_FALSE='#'
AMDEP_TRUE=''
AMTAR='${SHELL} /home/taco/luatex-dev/luatex/src/libs/zziplib/uses/missing --run tar'
AR='ar'
AS='as'
AUTOCONF='sleep 9 ; true || autoconf || skipped'
AUTOHEADER='sleep 9 ; true || autoheader || skipped'
AUTOMAKE='sleep 9 ; true || automake || skipped'
AWK='gawk'
CC='gcc'
CCDEPMODE='depmode=gcc3'
CFLAGS=' -O2 -D_USE_MMAP  -fomit-frame-pointer -Wall -Wstrict-prototypes -Wpointer-arith -Wsign-compare -Wmissing-declarations'
CONFIG_FILES=''
CPP='gcc -E'
CPPFLAGS='-I/home/taco/luatex-dev/luatex/src/libs/zziplib/../zlib'
CXX='g++'
CXXCPP='g++ -E'
CXXDEPMODE='depmode=gcc3'
CXXFLAGS='-g -O2'
CYGPATH_W='echo'
DEFS='-DHAVE_CONFIG_H'
DEPDIR='.deps'
DLLTOOL='dlltool'
ECHO='echo'
ECHO_C=''
ECHO_N='-n'
ECHO_T=''
EGREP='grep -E'
EXEEXT=''
F77=''
FFLAGS=''
INSTALL_DATA='${INSTALL} -m 644'
INSTALL_PROGRAM='${INSTALL}'
INSTALL_SCRIPT='${INSTALL}'
INSTALL_STRIP_PROGRAM='${SHELL} $(install_sh) -c -s'
LARGEFILE_CFLAGS=''
LDFLAGS=''
LIBOBJS=''
LIBS=''
LIBTOOL='$(SHELL) $(top_builddir)/libtool --silent'
LN_S='ln -s'
LTLIBOBJS=''
MAINT='#'
MAINTAINER_MODE_FALSE=''
MAINTAINER_MODE_TRUE='#'
MAKEINFO='${SHELL} /home/taco/luatex-dev/luatex/src/libs/zziplib/uses/missing --run makeinfo'
MKZIP='/usr/bin/zip'
OBJDUMP='objdump'
OBJEXT='o'
PACKAGE='zziplib'
PACKAGE_BUGREPORT=''
PACKAGE_NAME='zziplib'
PACKAGE_STRING=''
PACKAGE_TARNAME=''
PACKAGE_VERSION='0.13.47'
PATH_SEPARATOR=':'
PERL='/usr/bin/perl5'
PKG_CONFIG='/usr/bin/pkg-config'
PYTHON='/usr/bin/python'
RANLIB='ranlib'
RELEASE_INFO='-release 0'
RESOLVES=' # '
SDL=''
SET_MAKE=''
SHELL='/bin/sh'
STRIP='strip'
THREAD_SAFE='-thread-safe'
VERSION='0.13.47'
VERSION_INFO='-version-info 13:47'
XMLTO=':'
ZIPTESTS=''
ZLIB_INCL=''
ZLIB_LDIR=''
ZLIB_VERSION='1.2.3'
ZZIPLIB_LDFLAGS='--export-dynamic'
ac_ct_AR='ar'
ac_ct_AS=''
ac_ct_CC='gcc'
ac_ct_CXX='g++'
ac_ct_DLLTOOL=''
ac_ct_F77=''
ac_ct_OBJDUMP=''
ac_ct_RANLIB='ranlib'
ac_ct_STRIP='strip'
aclocaldir='/usr/share/aclocal'
am__fastdepCC_FALSE='#'
am__fastdepCC_TRUE=''
am__fastdepCXX_FALSE='#'
am__fastdepCXX_TRUE=''
am__include='include'
am__leading_dot='.'
am__quote=''
am__tar='${AMTAR} chof - "$$tardir"'
am__untar='${AMTAR} xf -'
ax_enable_builddir_sed='sed'
bindir='${exec_prefix}/bin'
build='i686-pc-linux'
build_alias=''
build_cpu='i686'
build_os='linux'
build_vendor='pc'
datadir='${prefix}/share'
docdir='${datadir}/doc'
exec_prefix='${prefix}'
host='i686-pc-linux'
host_alias=''
host_cpu='i686'
host_os='linux'
host_vendor='pc'
includedir='${prefix}/include'
infodir='${prefix}/info'
install_sh='/home/taco/luatex-dev/luatex/src/libs/zziplib/uses/install-sh'
libdir='${exec_prefix}/lib'
libexecdir='${exec_prefix}/libexec'
localstatedir='${prefix}/var'
mandir='${datadir}/man'
mkdir_p='mkdir -p --'
oldincludedir='/usr/include'
pkgconfig_libdir='${libdir}/pkgconfig'
pkgconfig_libfile='zziplib.pc'
pkgconfigdir='/usr/lib/pkgconfig'
prefix='/usr/local'
program_transform_name='s,x,x,'
sbindir='${exec_prefix}/sbin'
sharedstatedir='${sysconfdir}/default'
sysconfdir='${prefix}/etc'
target='i686-pc-linux'
target_alias=''
target_cpu='i686'
target_os='linux'
target_vendor='pc'

## ----------- ##
## confdefs.h. ##
## ----------- ##

#define HAVE_BYTESWAP_H 1
#define HAVE_DIRENT_H 1
#define HAVE_DLFCN_H 1
#define HAVE_FNMATCH_H 1
#define HAVE_INTTYPES_H 1
#define HAVE_MEMORY_H 1
#define HAVE_STDINT_H 1
#define HAVE_STDINT_H 1
#define HAVE_STDLIB_H 1
#define HAVE_STRCASECMP 1
#define HAVE_STRINGS_H 1
#define HAVE_STRING_H 1
#define HAVE_STRNDUP 1
#define HAVE_SYS_MMAN_H 1
#define HAVE_SYS_PARAM_H 1
#define HAVE_SYS_STAT_H 1
#define HAVE_SYS_STAT_H 1
#define HAVE_SYS_TYPES_H 1
#define HAVE_SYS_TYPES_H 1
#define HAVE_UNISTD_H 1
#define HAVE_UNISTD_H 1
#define HAVE_ZLIB_H 1
#define LARGEFILE_SENSITIVE 1
#define PACKAGE "zziplib"
#define PACKAGE_BUGREPORT ""
#define PACKAGE_NAME ""
#define PACKAGE_STRING ""
#define PACKAGE_TARNAME ""
#define PACKAGE_VERSION ""
#define SIZEOF_INT 4
#define SIZEOF_LONG 4
#define SIZEOF_SHORT 2
#define STDC_HEADERS 1
#define STDC_HEADERS 1
#define VERSION "0.13.47"
#define _FILE_OFFSET_BITS 64
#define __int64 long long
#define off64_t _zzip_off_t
#define restrict __restrict__
#endif
#ifdef __cplusplus
extern "C" void std::exit (int) throw (); using std::exit;

configure: exit 0
